{
  "stats": {
    "suites": 1,
    "tests": 6,
    "passes": 6,
    "pending": 0,
    "failures": 0,
    "start": "2025-12-03T22:09:13.503Z",
    "end": "2025-12-03T22:09:17.046Z",
    "duration": 3543,
    "testsRegistered": 6,
    "passPercent": 100,
    "pendingPercent": 0,
    "other": 0,
    "hasOther": false,
    "skipped": 0,
    "hasSkipped": false
  },
  "results": [
    {
      "uuid": "08047dbc-bf43-4fd0-b784-4d16abaff958",
      "title": "",
      "fullFile": "cypress\\e2e\\api\\breeds-images.js",
      "file": "cypress\\e2e\\api\\breeds-images.js",
      "beforeHooks": [],
      "afterHooks": [],
      "tests": [],
      "suites": [
        {
          "uuid": "5db605da-3bfb-47b4-beaf-f08a5ec59185",
          "title": "Dog API - /breed/{breed}/images",
          "fullFile": "",
          "file": "",
          "beforeHooks": [],
          "afterHooks": [],
          "tests": [
            {
              "title": "Deve retornar status 200 para uma raça válida",
              "fullTitle": "Dog API - /breed/{breed}/images Deve retornar status 200 para uma raça válida",
              "timedOut": null,
              "duration": 357,
              "state": "passed",
              "speed": "fast",
              "pass": true,
              "fail": false,
              "pending": false,
              "context": null,
              "code": "cy.request(`${baseUrl}/${breed}/images`).then(response => {\n  cy.log(JSON.stringify(response.body, null, 2));\n  expect(response.status).to.eq(200);\n  expect(response.body.status).to.eq(\"success\");\n});",
              "err": {},
              "uuid": "8cddbb20-5e9f-439b-b469-6ffbc0c791ef",
              "parentUUID": "5db605da-3bfb-47b4-beaf-f08a5ec59185",
              "isHook": false,
              "skipped": false
            },
            {
              "title": "Deve retornar uma lista de URLs de imagens",
              "fullTitle": "Dog API - /breed/{breed}/images Deve retornar uma lista de URLs de imagens",
              "timedOut": null,
              "duration": 805,
              "state": "passed",
              "speed": "fast",
              "pass": true,
              "fail": false,
              "pending": false,
              "context": null,
              "code": "cy.request(`${baseUrl}/${breed}/images`).then(response => {\n  cy.log(JSON.stringify(response.body, null, 2));\n  expect(response.body).to.have.property(\"message\");\n  expect(response.body.message).to.be.an(\"array\");\n  expect(response.body.message.length).to.be.greaterThan(0);\n  response.body.message.forEach(imgUrl => {\n    expect(imgUrl).to.match(/^https?:\\/\\//);\n  });\n});",
              "err": {},
              "uuid": "635957f5-13e7-4ddd-b7df-affe0637c2a5",
              "parentUUID": "5db605da-3bfb-47b4-beaf-f08a5ec59185",
              "isHook": false,
              "skipped": false
            },
            {
              "title": "Deve validar contrato da resposta",
              "fullTitle": "Dog API - /breed/{breed}/images Deve validar contrato da resposta",
              "timedOut": null,
              "duration": 805,
              "state": "passed",
              "speed": "fast",
              "pass": true,
              "fail": false,
              "pending": false,
              "context": null,
              "code": "cy.request(`${baseUrl}/${breed}/images`).then(response => {\n  expect(response.body).to.have.all.keys(\"message\", \"status\");\n  expect(response.body.message).to.be.an(\"array\");\n  response.body.message.forEach(url => {\n    expect(url).to.be.a(\"string\");\n  });\n});",
              "err": {},
              "uuid": "19043659-30d4-4611-a682-412a11c0e4cf",
              "parentUUID": "5db605da-3bfb-47b4-beaf-f08a5ec59185",
              "isHook": false,
              "skipped": false
            },
            {
              "title": "Deve responder em menos de 1 segundo",
              "fullTitle": "Dog API - /breed/{breed}/images Deve responder em menos de 1 segundo",
              "timedOut": null,
              "duration": 317,
              "state": "passed",
              "speed": "fast",
              "pass": true,
              "fail": false,
              "pending": false,
              "context": null,
              "code": "cy.request({\n  url: `${baseUrl}/${breed}/images`,\n  time: true\n}).then(response => {\n  cy.log(JSON.stringify(response.body, null, 2));\n  expect(response.duration).to.be.lessThan(1000);\n});",
              "err": {},
              "uuid": "02b80b89-ef48-45e3-82ac-d3a2c541d653",
              "parentUUID": "5db605da-3bfb-47b4-beaf-f08a5ec59185",
              "isHook": false,
              "skipped": false
            },
            {
              "title": "Deve retornar erro para raça inválida",
              "fullTitle": "Dog API - /breed/{breed}/images Deve retornar erro para raça inválida",
              "timedOut": null,
              "duration": 308,
              "state": "passed",
              "speed": "fast",
              "pass": true,
              "fail": false,
              "pending": false,
              "context": null,
              "code": "cy.request({\n  url: `${baseUrl}/raça-invalida/images`,\n  failOnStatusCode: false\n}).then(response => {\n  expect(response.status).to.eq(404);\n  expect(response.body.status).to.eq(\"error\");\n});",
              "err": {},
              "uuid": "aee37625-428c-4320-964c-e0add3606e0b",
              "parentUUID": "5db605da-3bfb-47b4-beaf-f08a5ec59185",
              "isHook": false,
              "skipped": false
            },
            {
              "title": "Deve garantir que todas as URLs retornadas são de imagens válidas",
              "fullTitle": "Dog API - /breed/{breed}/images Deve garantir que todas as URLs retornadas são de imagens válidas",
              "timedOut": null,
              "duration": 771,
              "state": "passed",
              "speed": "fast",
              "pass": true,
              "fail": false,
              "pending": false,
              "context": null,
              "code": "cy.request(`${baseUrl}/${breed}/images`).then(response => {\n  cy.log(JSON.stringify(response.body, null, 2));\n  response.body.message.forEach(url => {\n    expect(url).to.match(/\\.(jpg|jpeg|png)$/);\n  });\n});",
              "err": {},
              "uuid": "8dae4ac7-2c26-4714-aa9f-c56089a4b6cb",
              "parentUUID": "5db605da-3bfb-47b4-beaf-f08a5ec59185",
              "isHook": false,
              "skipped": false
            }
          ],
          "suites": [],
          "passes": [
            "8cddbb20-5e9f-439b-b469-6ffbc0c791ef",
            "635957f5-13e7-4ddd-b7df-affe0637c2a5",
            "19043659-30d4-4611-a682-412a11c0e4cf",
            "02b80b89-ef48-45e3-82ac-d3a2c541d653",
            "aee37625-428c-4320-964c-e0add3606e0b",
            "8dae4ac7-2c26-4714-aa9f-c56089a4b6cb"
          ],
          "failures": [],
          "pending": [],
          "skipped": [],
          "duration": 3363,
          "root": false,
          "rootEmpty": false,
          "_timeout": 2000
        }
      ],
      "passes": [],
      "failures": [],
      "pending": [],
      "skipped": [],
      "duration": 0,
      "root": true,
      "rootEmpty": true,
      "_timeout": 2000
    }
  ],
  "meta": {
    "mocha": {
      "version": "7.2.0"
    },
    "mochawesome": {
      "options": {
        "quiet": false,
        "reportFilename": "mochawesome",
        "saveHtml": false,
        "saveJson": true,
        "consoleReporter": "spec",
        "useInlineDiffs": false,
        "code": true
      },
      "version": "7.1.4"
    },
    "marge": {
      "options": {
        "reportDir": "cypress/reports",
        "overwrite": false,
        "html": false,
        "json": true
      },
      "version": "6.3.2"
    }
  }
}