{
  "stats": {
    "suites": 1,
    "tests": 8,
    "passes": 8,
    "pending": 0,
    "failures": 0,
    "start": "2025-12-03T22:06:51.732Z",
    "end": "2025-12-03T22:06:54.595Z",
    "duration": 2863,
    "testsRegistered": 8,
    "passPercent": 100,
    "pendingPercent": 0,
    "other": 0,
    "hasOther": false,
    "skipped": 0,
    "hasSkipped": false
  },
  "results": [
    {
      "uuid": "6b663e27-0d67-4dec-8775-8b7c7517b5b6",
      "title": "",
      "fullFile": "cypress\\e2e\\api\\breeds-all.js",
      "file": "cypress\\e2e\\api\\breeds-all.js",
      "beforeHooks": [],
      "afterHooks": [],
      "tests": [],
      "suites": [
        {
          "uuid": "faace565-7e22-4d76-a5bf-144ce98921e6",
          "title": "Dog API - /breeds/list/all",
          "fullFile": "",
          "file": "",
          "beforeHooks": [],
          "afterHooks": [],
          "tests": [
            {
              "title": "Deve retornar status 200",
              "fullTitle": "Dog API - /breeds/list/all Deve retornar status 200",
              "timedOut": null,
              "duration": 353,
              "state": "passed",
              "speed": "fast",
              "pass": true,
              "fail": false,
              "pending": false,
              "context": null,
              "code": "cy.request(endpoint).then(response => {\n  cy.log(JSON.stringify(response.body, null, 2));\n  expect(response.status).to.eq(200);\n});",
              "err": {},
              "uuid": "61bbcd85-1ff1-47a9-89b2-ef5d6b110d12",
              "parentUUID": "faace565-7e22-4d76-a5bf-144ce98921e6",
              "isHook": false,
              "skipped": false
            },
            {
              "title": "Deve retornar a estrutura correta na resposta",
              "fullTitle": "Dog API - /breeds/list/all Deve retornar a estrutura correta na resposta",
              "timedOut": null,
              "duration": 315,
              "state": "passed",
              "speed": "fast",
              "pass": true,
              "fail": false,
              "pending": false,
              "context": null,
              "code": "cy.request(endpoint).then(response => {\n  expect(response.body).to.have.property(\"message\");\n  expect(response.body).to.have.property(\"status\", \"success\");\n  expect(response.body.message).to.be.an(\"object\");\n});",
              "err": {},
              "uuid": "6138f292-d12f-466f-8b92-cc966c8dc0fe",
              "parentUUID": "faace565-7e22-4d76-a5bf-144ce98921e6",
              "isHook": false,
              "skipped": false
            },
            {
              "title": "Deve conter várias raças retornadas",
              "fullTitle": "Dog API - /breeds/list/all Deve conter várias raças retornadas",
              "timedOut": null,
              "duration": 314,
              "state": "passed",
              "speed": "fast",
              "pass": true,
              "fail": false,
              "pending": false,
              "context": null,
              "code": "cy.request(endpoint).then(response => {\n  const breeds = Object.keys(response.body.message);\n  expect(breeds.length).to.be.greaterThan(0);\n});",
              "err": {},
              "uuid": "882dc5f9-0a78-4820-b30c-50742ee852b8",
              "parentUUID": "faace565-7e22-4d76-a5bf-144ce98921e6",
              "isHook": false,
              "skipped": false
            },
            {
              "title": "Deve conter a raça 'poodle' na lista",
              "fullTitle": "Dog API - /breeds/list/all Deve conter a raça 'poodle' na lista",
              "timedOut": null,
              "duration": 313,
              "state": "passed",
              "speed": "fast",
              "pass": true,
              "fail": false,
              "pending": false,
              "context": null,
              "code": "cy.request(endpoint).then(response => {\n  expect(response.body.message).to.have.property(\"poodle\");\n});",
              "err": {},
              "uuid": "f0f4edba-7aef-494c-8711-8976bdb9f939",
              "parentUUID": "faace565-7e22-4d76-a5bf-144ce98921e6",
              "isHook": false,
              "skipped": false
            },
            {
              "title": "Deve validar sub-raças de poodle",
              "fullTitle": "Dog API - /breeds/list/all Deve validar sub-raças de poodle",
              "timedOut": null,
              "duration": 309,
              "state": "passed",
              "speed": "fast",
              "pass": true,
              "fail": false,
              "pending": false,
              "context": null,
              "code": "cy.request(endpoint).then(response => {\n  const subs = response.body.message.poodle;\n  expect(subs).to.be.an(\"array\");\n});",
              "err": {},
              "uuid": "2e79afda-7770-4c4a-b86d-fc2a0b51b7fe",
              "parentUUID": "faace565-7e22-4d76-a5bf-144ce98921e6",
              "isHook": false,
              "skipped": false
            },
            {
              "title": "Deve validar o contrato da resposta",
              "fullTitle": "Dog API - /breeds/list/all Deve validar o contrato da resposta",
              "timedOut": null,
              "duration": 484,
              "state": "passed",
              "speed": "fast",
              "pass": true,
              "fail": false,
              "pending": false,
              "context": null,
              "code": "cy.request(endpoint).then(response => {\n  expect(response.body).to.have.all.keys(\"message\", \"status\");\n  Object.entries(response.body.message).forEach(([breed, subs]) => {\n    expect(breed).to.be.a(\"string\");\n    expect(subs).to.be.an(\"array\");\n  });\n});",
              "err": {},
              "uuid": "15205260-b700-41ab-b15e-55df25daa125",
              "parentUUID": "faace565-7e22-4d76-a5bf-144ce98921e6",
              "isHook": false,
              "skipped": false
            },
            {
              "title": "Deve responder em menos de 1 segundo",
              "fullTitle": "Dog API - /breeds/list/all Deve responder em menos de 1 segundo",
              "timedOut": null,
              "duration": 313,
              "state": "passed",
              "speed": "fast",
              "pass": true,
              "fail": false,
              "pending": false,
              "context": null,
              "code": "cy.request({\n  url: endpoint,\n  time: true\n}).then(response => {\n  expect(response.duration).to.be.lessThan(1000);\n});",
              "err": {},
              "uuid": "20bbeb8f-c365-4bcf-ab77-e93a7750ba1f",
              "parentUUID": "faace565-7e22-4d76-a5bf-144ce98921e6",
              "isHook": false,
              "skipped": false
            },
            {
              "title": "Retorna 404 ao acessar endpoint inválido",
              "fullTitle": "Dog API - /breeds/list/all Retorna 404 ao acessar endpoint inválido",
              "timedOut": null,
              "duration": 317,
              "state": "passed",
              "speed": "fast",
              "pass": true,
              "fail": false,
              "pending": false,
              "context": null,
              "code": "cy.request({\n  url: \"/breeds/list/invalid\",\n  failOnStatusCode: false\n}).then(response => {\n  expect(response.status).to.eq(404);\n});",
              "err": {},
              "uuid": "d9961d32-2f03-4d87-88ca-6fbb8fe6cce7",
              "parentUUID": "faace565-7e22-4d76-a5bf-144ce98921e6",
              "isHook": false,
              "skipped": false
            }
          ],
          "suites": [],
          "passes": [
            "61bbcd85-1ff1-47a9-89b2-ef5d6b110d12",
            "6138f292-d12f-466f-8b92-cc966c8dc0fe",
            "882dc5f9-0a78-4820-b30c-50742ee852b8",
            "f0f4edba-7aef-494c-8711-8976bdb9f939",
            "2e79afda-7770-4c4a-b86d-fc2a0b51b7fe",
            "15205260-b700-41ab-b15e-55df25daa125",
            "20bbeb8f-c365-4bcf-ab77-e93a7750ba1f",
            "d9961d32-2f03-4d87-88ca-6fbb8fe6cce7"
          ],
          "failures": [],
          "pending": [],
          "skipped": [],
          "duration": 2718,
          "root": false,
          "rootEmpty": false,
          "_timeout": 2000
        }
      ],
      "passes": [],
      "failures": [],
      "pending": [],
      "skipped": [],
      "duration": 0,
      "root": true,
      "rootEmpty": true,
      "_timeout": 2000
    }
  ],
  "meta": {
    "mocha": {
      "version": "7.2.0"
    },
    "mochawesome": {
      "options": {
        "quiet": false,
        "reportFilename": "mochawesome",
        "saveHtml": false,
        "saveJson": true,
        "consoleReporter": "spec",
        "useInlineDiffs": false,
        "code": true
      },
      "version": "7.1.4"
    },
    "marge": {
      "options": {
        "reportDir": "cypress/reports",
        "overwrite": false,
        "html": false,
        "json": true
      },
      "version": "6.3.2"
    }
  }
}