{
  "stats": {
    "suites": 1,
    "tests": 6,
    "passes": 6,
    "pending": 0,
    "failures": 0,
    "start": "2025-12-03T22:25:42.175Z",
    "end": "2025-12-03T22:25:45.446Z",
    "duration": 3271,
    "testsRegistered": 6,
    "passPercent": 100,
    "pendingPercent": 0,
    "other": 0,
    "hasOther": false,
    "skipped": 0,
    "hasSkipped": false
  },
  "results": [
    {
      "uuid": "2bad0633-227d-4f87-8c9e-2566d3b46f08",
      "title": "",
      "fullFile": "cypress\\e2e\\api\\breeds-images.js",
      "file": "cypress\\e2e\\api\\breeds-images.js",
      "beforeHooks": [],
      "afterHooks": [],
      "tests": [],
      "suites": [
        {
          "uuid": "7fec22d8-7578-4956-9ead-44567b67335a",
          "title": "Dog API - /breed/{breed}/images",
          "fullFile": "",
          "file": "",
          "beforeHooks": [],
          "afterHooks": [],
          "tests": [
            {
              "title": "Deve retornar status 200 para uma raça válida",
              "fullTitle": "Dog API - /breed/{breed}/images Deve retornar status 200 para uma raça válida",
              "timedOut": null,
              "duration": 330,
              "state": "passed",
              "speed": "fast",
              "pass": true,
              "fail": false,
              "pending": false,
              "context": null,
              "code": "cy.request(`${baseUrl}/${breed}/images`).then(response => {\n  cy.log(JSON.stringify(response.body, null, 2));\n  expect(response.status).to.eq(200);\n  expect(response.body.status).to.eq(\"success\");\n});",
              "err": {},
              "uuid": "0c11ee9b-7050-4377-91de-35b81fbd48e4",
              "parentUUID": "7fec22d8-7578-4956-9ead-44567b67335a",
              "isHook": false,
              "skipped": false
            },
            {
              "title": "Deve retornar uma lista de URLs de imagens",
              "fullTitle": "Dog API - /breed/{breed}/images Deve retornar uma lista de URLs de imagens",
              "timedOut": null,
              "duration": 741,
              "state": "passed",
              "speed": "fast",
              "pass": true,
              "fail": false,
              "pending": false,
              "context": null,
              "code": "cy.request(`${baseUrl}/${breed}/images`).then(response => {\n  cy.log(JSON.stringify(response.body, null, 2));\n  expect(response.body).to.have.property(\"message\");\n  expect(response.body.message).to.be.an(\"array\");\n  expect(response.body.message.length).to.be.greaterThan(0);\n  response.body.message.forEach(imgUrl => {\n    expect(imgUrl).to.match(/^https?:\\/\\//);\n  });\n});",
              "err": {},
              "uuid": "720c5ceb-3386-4eae-8c33-865d0c195096",
              "parentUUID": "7fec22d8-7578-4956-9ead-44567b67335a",
              "isHook": false,
              "skipped": false
            },
            {
              "title": "Deve validar contrato da resposta",
              "fullTitle": "Dog API - /breed/{breed}/images Deve validar contrato da resposta",
              "timedOut": null,
              "duration": 682,
              "state": "passed",
              "speed": "fast",
              "pass": true,
              "fail": false,
              "pending": false,
              "context": null,
              "code": "cy.request(`${baseUrl}/${breed}/images`).then(response => {\n  expect(response.body).to.have.all.keys(\"message\", \"status\");\n  expect(response.body.message).to.be.an(\"array\");\n  response.body.message.forEach(url => {\n    expect(url).to.be.a(\"string\");\n  });\n});",
              "err": {},
              "uuid": "9b7f2e8f-b719-4842-9eb2-d5b54181da9f",
              "parentUUID": "7fec22d8-7578-4956-9ead-44567b67335a",
              "isHook": false,
              "skipped": false
            },
            {
              "title": "Deve responder em menos de 1 segundo",
              "fullTitle": "Dog API - /breed/{breed}/images Deve responder em menos de 1 segundo",
              "timedOut": null,
              "duration": 316,
              "state": "passed",
              "speed": "fast",
              "pass": true,
              "fail": false,
              "pending": false,
              "context": null,
              "code": "cy.request({\n  url: `${baseUrl}/${breed}/images`,\n  time: true\n}).then(response => {\n  cy.log(JSON.stringify(response.body, null, 2));\n  expect(response.duration).to.be.lessThan(1000);\n});",
              "err": {},
              "uuid": "b67cdeee-e57b-481b-a065-bbf02890c446",
              "parentUUID": "7fec22d8-7578-4956-9ead-44567b67335a",
              "isHook": false,
              "skipped": false
            },
            {
              "title": "Deve retornar erro para raça inválida",
              "fullTitle": "Dog API - /breed/{breed}/images Deve retornar erro para raça inválida",
              "timedOut": null,
              "duration": 304,
              "state": "passed",
              "speed": "fast",
              "pass": true,
              "fail": false,
              "pending": false,
              "context": null,
              "code": "cy.request({\n  url: `${baseUrl}/raça-invalida/images`,\n  failOnStatusCode: false\n}).then(response => {\n  expect(response.status).to.eq(404);\n  expect(response.body.status).to.eq(\"error\");\n});",
              "err": {},
              "uuid": "23e448fb-28d6-4eb0-97a1-091d3c891121",
              "parentUUID": "7fec22d8-7578-4956-9ead-44567b67335a",
              "isHook": false,
              "skipped": false
            },
            {
              "title": "Deve garantir que todas as URLs retornadas são de imagens válidas",
              "fullTitle": "Dog API - /breed/{breed}/images Deve garantir que todas as URLs retornadas são de imagens válidas",
              "timedOut": null,
              "duration": 724,
              "state": "passed",
              "speed": "fast",
              "pass": true,
              "fail": false,
              "pending": false,
              "context": null,
              "code": "cy.request(`${baseUrl}/${breed}/images`).then(response => {\n  cy.log(JSON.stringify(response.body, null, 2));\n  response.body.message.forEach(url => {\n    expect(url).to.match(/\\.(jpg|jpeg|png)$/);\n  });\n});",
              "err": {},
              "uuid": "fcf5ebf0-301c-4547-8185-b873de93fb80",
              "parentUUID": "7fec22d8-7578-4956-9ead-44567b67335a",
              "isHook": false,
              "skipped": false
            }
          ],
          "suites": [],
          "passes": [
            "0c11ee9b-7050-4377-91de-35b81fbd48e4",
            "720c5ceb-3386-4eae-8c33-865d0c195096",
            "9b7f2e8f-b719-4842-9eb2-d5b54181da9f",
            "b67cdeee-e57b-481b-a065-bbf02890c446",
            "23e448fb-28d6-4eb0-97a1-091d3c891121",
            "fcf5ebf0-301c-4547-8185-b873de93fb80"
          ],
          "failures": [],
          "pending": [],
          "skipped": [],
          "duration": 3097,
          "root": false,
          "rootEmpty": false,
          "_timeout": 2000
        }
      ],
      "passes": [],
      "failures": [],
      "pending": [],
      "skipped": [],
      "duration": 0,
      "root": true,
      "rootEmpty": true,
      "_timeout": 2000
    }
  ],
  "meta": {
    "mocha": {
      "version": "7.2.0"
    },
    "mochawesome": {
      "options": {
        "quiet": false,
        "reportFilename": "mochawesome",
        "saveHtml": false,
        "saveJson": true,
        "consoleReporter": "spec",
        "useInlineDiffs": false,
        "code": true
      },
      "version": "7.1.4"
    },
    "marge": {
      "options": {
        "reportDir": "cypress/reports",
        "overwrite": false,
        "html": false,
        "json": true
      },
      "version": "6.3.2"
    }
  }
}