{
  "stats": {
    "suites": 1,
    "tests": 8,
    "passes": 8,
    "pending": 0,
    "failures": 0,
    "start": "2025-12-03T22:02:48.602Z",
    "end": "2025-12-03T22:02:51.513Z",
    "duration": 2911,
    "testsRegistered": 8,
    "passPercent": 100,
    "pendingPercent": 0,
    "other": 0,
    "hasOther": false,
    "skipped": 0,
    "hasSkipped": false
  },
  "results": [
    {
      "uuid": "4de3bb78-8e83-4c88-ae54-aee95561d560",
      "title": "",
      "fullFile": "cypress\\e2e\\api\\breeds-all.js",
      "file": "cypress\\e2e\\api\\breeds-all.js",
      "beforeHooks": [],
      "afterHooks": [],
      "tests": [],
      "suites": [
        {
          "uuid": "e4941e62-779c-40e6-9574-e23c445eb16f",
          "title": "Dog API - /breeds/list/all",
          "fullFile": "",
          "file": "",
          "beforeHooks": [],
          "afterHooks": [],
          "tests": [
            {
              "title": "Deve retornar status 200",
              "fullTitle": "Dog API - /breeds/list/all Deve retornar status 200",
              "timedOut": null,
              "duration": 343,
              "state": "passed",
              "speed": "fast",
              "pass": true,
              "fail": false,
              "pending": false,
              "context": null,
              "code": "cy.request(endpoint).then(response => {\n  cy.log(JSON.stringify(response.body, null, 2));\n  expect(response.status).to.eq(200);\n});",
              "err": {},
              "uuid": "d43de677-b774-42f9-b5fc-e8f964cdea51",
              "parentUUID": "e4941e62-779c-40e6-9574-e23c445eb16f",
              "isHook": false,
              "skipped": false
            },
            {
              "title": "Deve retornar a estrutura correta na resposta",
              "fullTitle": "Dog API - /breeds/list/all Deve retornar a estrutura correta na resposta",
              "timedOut": null,
              "duration": 324,
              "state": "passed",
              "speed": "fast",
              "pass": true,
              "fail": false,
              "pending": false,
              "context": null,
              "code": "cy.request(endpoint).then(response => {\n  expect(response.body).to.have.property(\"message\");\n  expect(response.body).to.have.property(\"status\", \"success\");\n  expect(response.body.message).to.be.an(\"object\");\n});",
              "err": {},
              "uuid": "3440a97f-9463-410b-b727-228a153c802f",
              "parentUUID": "e4941e62-779c-40e6-9574-e23c445eb16f",
              "isHook": false,
              "skipped": false
            },
            {
              "title": "Deve conter várias raças retornadas",
              "fullTitle": "Dog API - /breeds/list/all Deve conter várias raças retornadas",
              "timedOut": null,
              "duration": 317,
              "state": "passed",
              "speed": "fast",
              "pass": true,
              "fail": false,
              "pending": false,
              "context": null,
              "code": "cy.request(endpoint).then(response => {\n  const breeds = Object.keys(response.body.message);\n  expect(breeds.length).to.be.greaterThan(0);\n});",
              "err": {},
              "uuid": "f4187662-10ba-45c4-808f-a0d7f195a57d",
              "parentUUID": "e4941e62-779c-40e6-9574-e23c445eb16f",
              "isHook": false,
              "skipped": false
            },
            {
              "title": "Deve conter a raça 'poodle' na lista",
              "fullTitle": "Dog API - /breeds/list/all Deve conter a raça 'poodle' na lista",
              "timedOut": null,
              "duration": 314,
              "state": "passed",
              "speed": "fast",
              "pass": true,
              "fail": false,
              "pending": false,
              "context": null,
              "code": "cy.request(endpoint).then(response => {\n  expect(response.body.message).to.have.property(\"poodle\");\n});",
              "err": {},
              "uuid": "691ff7a0-56cb-476e-8067-28f0d7238019",
              "parentUUID": "e4941e62-779c-40e6-9574-e23c445eb16f",
              "isHook": false,
              "skipped": false
            },
            {
              "title": "Deve validar sub-raças de poodle",
              "fullTitle": "Dog API - /breeds/list/all Deve validar sub-raças de poodle",
              "timedOut": null,
              "duration": 319,
              "state": "passed",
              "speed": "fast",
              "pass": true,
              "fail": false,
              "pending": false,
              "context": null,
              "code": "cy.request(endpoint).then(response => {\n  const subs = response.body.message.poodle;\n  expect(subs).to.be.an(\"array\");\n});",
              "err": {},
              "uuid": "1df1c18b-dfed-4162-864b-ae1928fa53f3",
              "parentUUID": "e4941e62-779c-40e6-9574-e23c445eb16f",
              "isHook": false,
              "skipped": false
            },
            {
              "title": "Deve validar o contrato da resposta",
              "fullTitle": "Dog API - /breeds/list/all Deve validar o contrato da resposta",
              "timedOut": null,
              "duration": 505,
              "state": "passed",
              "speed": "fast",
              "pass": true,
              "fail": false,
              "pending": false,
              "context": null,
              "code": "cy.request(endpoint).then(response => {\n  expect(response.body).to.have.all.keys(\"message\", \"status\");\n  Object.entries(response.body.message).forEach(([breed, subs]) => {\n    expect(breed).to.be.a(\"string\");\n    expect(subs).to.be.an(\"array\");\n  });\n});",
              "err": {},
              "uuid": "c57b7eb3-927b-4cda-b603-31a76c69bce6",
              "parentUUID": "e4941e62-779c-40e6-9574-e23c445eb16f",
              "isHook": false,
              "skipped": false
            },
            {
              "title": "Deve responder em menos de 1 segundo",
              "fullTitle": "Dog API - /breeds/list/all Deve responder em menos de 1 segundo",
              "timedOut": null,
              "duration": 328,
              "state": "passed",
              "speed": "fast",
              "pass": true,
              "fail": false,
              "pending": false,
              "context": null,
              "code": "cy.request({\n  url: endpoint,\n  time: true\n}).then(response => {\n  expect(response.duration).to.be.lessThan(1000);\n});",
              "err": {},
              "uuid": "f8967274-f322-43b0-a1c5-89fd00add452",
              "parentUUID": "e4941e62-779c-40e6-9574-e23c445eb16f",
              "isHook": false,
              "skipped": false
            },
            {
              "title": "Retorna 404 ao acessar endpoint inválido",
              "fullTitle": "Dog API - /breeds/list/all Retorna 404 ao acessar endpoint inválido",
              "timedOut": null,
              "duration": 319,
              "state": "passed",
              "speed": "fast",
              "pass": true,
              "fail": false,
              "pending": false,
              "context": null,
              "code": "cy.request({\n  url: \"/breeds/list/invalid\",\n  failOnStatusCode: false\n}).then(response => {\n  expect(response.status).to.eq(404);\n});",
              "err": {},
              "uuid": "94b1e1bf-dd02-4201-b987-bae8f27912d3",
              "parentUUID": "e4941e62-779c-40e6-9574-e23c445eb16f",
              "isHook": false,
              "skipped": false
            }
          ],
          "suites": [],
          "passes": [
            "d43de677-b774-42f9-b5fc-e8f964cdea51",
            "3440a97f-9463-410b-b727-228a153c802f",
            "f4187662-10ba-45c4-808f-a0d7f195a57d",
            "691ff7a0-56cb-476e-8067-28f0d7238019",
            "1df1c18b-dfed-4162-864b-ae1928fa53f3",
            "c57b7eb3-927b-4cda-b603-31a76c69bce6",
            "f8967274-f322-43b0-a1c5-89fd00add452",
            "94b1e1bf-dd02-4201-b987-bae8f27912d3"
          ],
          "failures": [],
          "pending": [],
          "skipped": [],
          "duration": 2769,
          "root": false,
          "rootEmpty": false,
          "_timeout": 2000
        }
      ],
      "passes": [],
      "failures": [],
      "pending": [],
      "skipped": [],
      "duration": 0,
      "root": true,
      "rootEmpty": true,
      "_timeout": 2000
    }
  ],
  "meta": {
    "mocha": {
      "version": "7.2.0"
    },
    "mochawesome": {
      "options": {
        "quiet": false,
        "reportFilename": "mochawesome",
        "saveHtml": false,
        "saveJson": true,
        "consoleReporter": "spec",
        "useInlineDiffs": false,
        "code": true
      },
      "version": "7.1.4"
    },
    "marge": {
      "options": {
        "reportDir": "cypress/reports",
        "overwrite": false,
        "html": false,
        "json": true
      },
      "version": "6.3.2"
    }
  }
}