{
  "stats": {
    "suites": 1,
    "tests": 8,
    "passes": 8,
    "pending": 0,
    "failures": 0,
    "start": "2025-12-03T22:09:07.169Z",
    "end": "2025-12-03T22:09:10.036Z",
    "duration": 2867,
    "testsRegistered": 8,
    "passPercent": 100,
    "pendingPercent": 0,
    "other": 0,
    "hasOther": false,
    "skipped": 0,
    "hasSkipped": false
  },
  "results": [
    {
      "uuid": "e9e8c03c-6b4f-42ef-8f38-c2448d73114d",
      "title": "",
      "fullFile": "cypress\\e2e\\api\\breeds-all.js",
      "file": "cypress\\e2e\\api\\breeds-all.js",
      "beforeHooks": [],
      "afterHooks": [],
      "tests": [],
      "suites": [
        {
          "uuid": "2ad8a24c-cd62-448a-99a3-2a955b6cc1ee",
          "title": "Dog API - /breeds/list/all",
          "fullFile": "",
          "file": "",
          "beforeHooks": [],
          "afterHooks": [],
          "tests": [
            {
              "title": "Deve retornar status 200",
              "fullTitle": "Dog API - /breeds/list/all Deve retornar status 200",
              "timedOut": null,
              "duration": 332,
              "state": "passed",
              "speed": "fast",
              "pass": true,
              "fail": false,
              "pending": false,
              "context": null,
              "code": "cy.request(endpoint).then(response => {\n  cy.log(JSON.stringify(response.body, null, 2));\n  expect(response.status).to.eq(200);\n});",
              "err": {},
              "uuid": "70ded44e-f2ea-4405-8be7-dfc72992f948",
              "parentUUID": "2ad8a24c-cd62-448a-99a3-2a955b6cc1ee",
              "isHook": false,
              "skipped": false
            },
            {
              "title": "Deve retornar a estrutura correta na resposta",
              "fullTitle": "Dog API - /breeds/list/all Deve retornar a estrutura correta na resposta",
              "timedOut": null,
              "duration": 318,
              "state": "passed",
              "speed": "fast",
              "pass": true,
              "fail": false,
              "pending": false,
              "context": null,
              "code": "cy.request(endpoint).then(response => {\n  expect(response.body).to.have.property(\"message\");\n  expect(response.body).to.have.property(\"status\", \"success\");\n  expect(response.body.message).to.be.an(\"object\");\n});",
              "err": {},
              "uuid": "c5f0e6f2-18ea-4e53-a680-f2b098c5979e",
              "parentUUID": "2ad8a24c-cd62-448a-99a3-2a955b6cc1ee",
              "isHook": false,
              "skipped": false
            },
            {
              "title": "Deve conter várias raças retornadas",
              "fullTitle": "Dog API - /breeds/list/all Deve conter várias raças retornadas",
              "timedOut": null,
              "duration": 311,
              "state": "passed",
              "speed": "fast",
              "pass": true,
              "fail": false,
              "pending": false,
              "context": null,
              "code": "cy.request(endpoint).then(response => {\n  const breeds = Object.keys(response.body.message);\n  expect(breeds.length).to.be.greaterThan(0);\n});",
              "err": {},
              "uuid": "5b834977-d827-4a87-ad49-146a2f1075fe",
              "parentUUID": "2ad8a24c-cd62-448a-99a3-2a955b6cc1ee",
              "isHook": false,
              "skipped": false
            },
            {
              "title": "Deve conter a raça 'poodle' na lista",
              "fullTitle": "Dog API - /breeds/list/all Deve conter a raça 'poodle' na lista",
              "timedOut": null,
              "duration": 307,
              "state": "passed",
              "speed": "fast",
              "pass": true,
              "fail": false,
              "pending": false,
              "context": null,
              "code": "cy.request(endpoint).then(response => {\n  expect(response.body.message).to.have.property(\"poodle\");\n});",
              "err": {},
              "uuid": "b96cc37f-a422-472d-bf78-aa621a1735c4",
              "parentUUID": "2ad8a24c-cd62-448a-99a3-2a955b6cc1ee",
              "isHook": false,
              "skipped": false
            },
            {
              "title": "Deve validar sub-raças de poodle",
              "fullTitle": "Dog API - /breeds/list/all Deve validar sub-raças de poodle",
              "timedOut": null,
              "duration": 306,
              "state": "passed",
              "speed": "fast",
              "pass": true,
              "fail": false,
              "pending": false,
              "context": null,
              "code": "cy.request(endpoint).then(response => {\n  const subs = response.body.message.poodle;\n  expect(subs).to.be.an(\"array\");\n});",
              "err": {},
              "uuid": "1ed78c91-107a-4ecf-89d0-1a5ab0a8b1a3",
              "parentUUID": "2ad8a24c-cd62-448a-99a3-2a955b6cc1ee",
              "isHook": false,
              "skipped": false
            },
            {
              "title": "Deve validar o contrato da resposta",
              "fullTitle": "Dog API - /breeds/list/all Deve validar o contrato da resposta",
              "timedOut": null,
              "duration": 485,
              "state": "passed",
              "speed": "fast",
              "pass": true,
              "fail": false,
              "pending": false,
              "context": null,
              "code": "cy.request(endpoint).then(response => {\n  expect(response.body).to.have.all.keys(\"message\", \"status\");\n  Object.entries(response.body.message).forEach(([breed, subs]) => {\n    expect(breed).to.be.a(\"string\");\n    expect(subs).to.be.an(\"array\");\n  });\n});",
              "err": {},
              "uuid": "8d7e3a38-f13b-4786-846a-b484155645a1",
              "parentUUID": "2ad8a24c-cd62-448a-99a3-2a955b6cc1ee",
              "isHook": false,
              "skipped": false
            },
            {
              "title": "Deve responder em menos de 1 segundo",
              "fullTitle": "Dog API - /breeds/list/all Deve responder em menos de 1 segundo",
              "timedOut": null,
              "duration": 345,
              "state": "passed",
              "speed": "fast",
              "pass": true,
              "fail": false,
              "pending": false,
              "context": null,
              "code": "cy.request({\n  url: endpoint,\n  time: true\n}).then(response => {\n  expect(response.duration).to.be.lessThan(1000);\n});",
              "err": {},
              "uuid": "871b0b42-c49c-4ae9-b1b8-042381fe6591",
              "parentUUID": "2ad8a24c-cd62-448a-99a3-2a955b6cc1ee",
              "isHook": false,
              "skipped": false
            },
            {
              "title": "Retorna 404 ao acessar endpoint inválido",
              "fullTitle": "Dog API - /breeds/list/all Retorna 404 ao acessar endpoint inválido",
              "timedOut": null,
              "duration": 304,
              "state": "passed",
              "speed": "fast",
              "pass": true,
              "fail": false,
              "pending": false,
              "context": null,
              "code": "cy.request({\n  url: \"/breeds/list/invalid\",\n  failOnStatusCode: false\n}).then(response => {\n  expect(response.status).to.eq(404);\n});",
              "err": {},
              "uuid": "2553be0a-829e-4a15-87bb-ea6f34392c54",
              "parentUUID": "2ad8a24c-cd62-448a-99a3-2a955b6cc1ee",
              "isHook": false,
              "skipped": false
            }
          ],
          "suites": [],
          "passes": [
            "70ded44e-f2ea-4405-8be7-dfc72992f948",
            "c5f0e6f2-18ea-4e53-a680-f2b098c5979e",
            "5b834977-d827-4a87-ad49-146a2f1075fe",
            "b96cc37f-a422-472d-bf78-aa621a1735c4",
            "1ed78c91-107a-4ecf-89d0-1a5ab0a8b1a3",
            "8d7e3a38-f13b-4786-846a-b484155645a1",
            "871b0b42-c49c-4ae9-b1b8-042381fe6591",
            "2553be0a-829e-4a15-87bb-ea6f34392c54"
          ],
          "failures": [],
          "pending": [],
          "skipped": [],
          "duration": 2708,
          "root": false,
          "rootEmpty": false,
          "_timeout": 2000
        }
      ],
      "passes": [],
      "failures": [],
      "pending": [],
      "skipped": [],
      "duration": 0,
      "root": true,
      "rootEmpty": true,
      "_timeout": 2000
    }
  ],
  "meta": {
    "mocha": {
      "version": "7.2.0"
    },
    "mochawesome": {
      "options": {
        "quiet": false,
        "reportFilename": "mochawesome",
        "saveHtml": false,
        "saveJson": true,
        "consoleReporter": "spec",
        "useInlineDiffs": false,
        "code": true
      },
      "version": "7.1.4"
    },
    "marge": {
      "options": {
        "reportDir": "cypress/reports",
        "overwrite": false,
        "html": false,
        "json": true
      },
      "version": "6.3.2"
    }
  }
}