{
  "stats": {
    "suites": 1,
    "tests": 8,
    "passes": 8,
    "pending": 0,
    "failures": 0,
    "start": "2025-12-03T22:25:37.325Z",
    "end": "2025-12-03T22:25:40.145Z",
    "duration": 2820,
    "testsRegistered": 8,
    "passPercent": 100,
    "pendingPercent": 0,
    "other": 0,
    "hasOther": false,
    "skipped": 0,
    "hasSkipped": false
  },
  "results": [
    {
      "uuid": "b167e988-0436-4157-875b-97299041e66c",
      "title": "",
      "fullFile": "cypress\\e2e\\api\\breeds-all.js",
      "file": "cypress\\e2e\\api\\breeds-all.js",
      "beforeHooks": [],
      "afterHooks": [],
      "tests": [],
      "suites": [
        {
          "uuid": "15b005c6-3d26-4471-bde4-1fe6c36941d3",
          "title": "Dog API - /breeds/list/all",
          "fullFile": "",
          "file": "",
          "beforeHooks": [],
          "afterHooks": [],
          "tests": [
            {
              "title": "Deve retornar status 200",
              "fullTitle": "Dog API - /breeds/list/all Deve retornar status 200",
              "timedOut": null,
              "duration": 328,
              "state": "passed",
              "speed": "fast",
              "pass": true,
              "fail": false,
              "pending": false,
              "context": null,
              "code": "cy.request(endpoint).then(response => {\n  cy.log(JSON.stringify(response.body, null, 2));\n  expect(response.status).to.eq(200);\n});",
              "err": {},
              "uuid": "9af52e2c-01fe-4f66-9a91-0bb38608f17a",
              "parentUUID": "15b005c6-3d26-4471-bde4-1fe6c36941d3",
              "isHook": false,
              "skipped": false
            },
            {
              "title": "Deve retornar a estrutura correta na resposta",
              "fullTitle": "Dog API - /breeds/list/all Deve retornar a estrutura correta na resposta",
              "timedOut": null,
              "duration": 314,
              "state": "passed",
              "speed": "fast",
              "pass": true,
              "fail": false,
              "pending": false,
              "context": null,
              "code": "cy.request(endpoint).then(response => {\n  expect(response.body).to.have.property(\"message\");\n  expect(response.body).to.have.property(\"status\", \"success\");\n  expect(response.body.message).to.be.an(\"object\");\n});",
              "err": {},
              "uuid": "420c63d5-1a66-45d6-ae23-1307c585e067",
              "parentUUID": "15b005c6-3d26-4471-bde4-1fe6c36941d3",
              "isHook": false,
              "skipped": false
            },
            {
              "title": "Deve conter várias raças retornadas",
              "fullTitle": "Dog API - /breeds/list/all Deve conter várias raças retornadas",
              "timedOut": null,
              "duration": 301,
              "state": "passed",
              "speed": "fast",
              "pass": true,
              "fail": false,
              "pending": false,
              "context": null,
              "code": "cy.request(endpoint).then(response => {\n  const breeds = Object.keys(response.body.message);\n  expect(breeds.length).to.be.greaterThan(0);\n});",
              "err": {},
              "uuid": "ce7100b9-9184-486d-8e40-b9878fae109f",
              "parentUUID": "15b005c6-3d26-4471-bde4-1fe6c36941d3",
              "isHook": false,
              "skipped": false
            },
            {
              "title": "Deve conter a raça 'poodle' na lista",
              "fullTitle": "Dog API - /breeds/list/all Deve conter a raça 'poodle' na lista",
              "timedOut": null,
              "duration": 305,
              "state": "passed",
              "speed": "fast",
              "pass": true,
              "fail": false,
              "pending": false,
              "context": null,
              "code": "cy.request(endpoint).then(response => {\n  expect(response.body.message).to.have.property(\"poodle\");\n});",
              "err": {},
              "uuid": "12a07a73-db29-44d3-bcff-45689d1d5187",
              "parentUUID": "15b005c6-3d26-4471-bde4-1fe6c36941d3",
              "isHook": false,
              "skipped": false
            },
            {
              "title": "Deve validar sub-raças de poodle",
              "fullTitle": "Dog API - /breeds/list/all Deve validar sub-raças de poodle",
              "timedOut": null,
              "duration": 294,
              "state": "passed",
              "speed": "fast",
              "pass": true,
              "fail": false,
              "pending": false,
              "context": null,
              "code": "cy.request(endpoint).then(response => {\n  const subs = response.body.message.poodle;\n  expect(subs).to.be.an(\"array\");\n});",
              "err": {},
              "uuid": "0d15259e-e330-474d-b77b-b69cfd8d5bf3",
              "parentUUID": "15b005c6-3d26-4471-bde4-1fe6c36941d3",
              "isHook": false,
              "skipped": false
            },
            {
              "title": "Deve validar o contrato da resposta",
              "fullTitle": "Dog API - /breeds/list/all Deve validar o contrato da resposta",
              "timedOut": null,
              "duration": 479,
              "state": "passed",
              "speed": "fast",
              "pass": true,
              "fail": false,
              "pending": false,
              "context": null,
              "code": "cy.request(endpoint).then(response => {\n  expect(response.body).to.have.all.keys(\"message\", \"status\");\n  Object.entries(response.body.message).forEach(([breed, subs]) => {\n    expect(breed).to.be.a(\"string\");\n    expect(subs).to.be.an(\"array\");\n  });\n});",
              "err": {},
              "uuid": "b24460ed-1ce4-4171-8b44-1b9362559516",
              "parentUUID": "15b005c6-3d26-4471-bde4-1fe6c36941d3",
              "isHook": false,
              "skipped": false
            },
            {
              "title": "Deve responder em menos de 1 segundo",
              "fullTitle": "Dog API - /breeds/list/all Deve responder em menos de 1 segundo",
              "timedOut": null,
              "duration": 303,
              "state": "passed",
              "speed": "fast",
              "pass": true,
              "fail": false,
              "pending": false,
              "context": null,
              "code": "cy.request({\n  url: endpoint,\n  time: true\n}).then(response => {\n  expect(response.duration).to.be.lessThan(1000);\n});",
              "err": {},
              "uuid": "5217c03a-259a-4922-9312-f31ffcad5c16",
              "parentUUID": "15b005c6-3d26-4471-bde4-1fe6c36941d3",
              "isHook": false,
              "skipped": false
            },
            {
              "title": "Retorna 404 ao acessar endpoint inválido",
              "fullTitle": "Dog API - /breeds/list/all Retorna 404 ao acessar endpoint inválido",
              "timedOut": null,
              "duration": 320,
              "state": "passed",
              "speed": "fast",
              "pass": true,
              "fail": false,
              "pending": false,
              "context": null,
              "code": "cy.request({\n  url: \"/breeds/list/invalid\",\n  failOnStatusCode: false\n}).then(response => {\n  expect(response.status).to.eq(404);\n});",
              "err": {},
              "uuid": "9dea5adb-8dc5-4cef-81c9-ed46f59c7cf0",
              "parentUUID": "15b005c6-3d26-4471-bde4-1fe6c36941d3",
              "isHook": false,
              "skipped": false
            }
          ],
          "suites": [],
          "passes": [
            "9af52e2c-01fe-4f66-9a91-0bb38608f17a",
            "420c63d5-1a66-45d6-ae23-1307c585e067",
            "ce7100b9-9184-486d-8e40-b9878fae109f",
            "12a07a73-db29-44d3-bcff-45689d1d5187",
            "0d15259e-e330-474d-b77b-b69cfd8d5bf3",
            "b24460ed-1ce4-4171-8b44-1b9362559516",
            "5217c03a-259a-4922-9312-f31ffcad5c16",
            "9dea5adb-8dc5-4cef-81c9-ed46f59c7cf0"
          ],
          "failures": [],
          "pending": [],
          "skipped": [],
          "duration": 2644,
          "root": false,
          "rootEmpty": false,
          "_timeout": 2000
        }
      ],
      "passes": [],
      "failures": [],
      "pending": [],
      "skipped": [],
      "duration": 0,
      "root": true,
      "rootEmpty": true,
      "_timeout": 2000
    }
  ],
  "meta": {
    "mocha": {
      "version": "7.2.0"
    },
    "mochawesome": {
      "options": {
        "quiet": false,
        "reportFilename": "mochawesome",
        "saveHtml": false,
        "saveJson": true,
        "consoleReporter": "spec",
        "useInlineDiffs": false,
        "code": true
      },
      "version": "7.1.4"
    },
    "marge": {
      "options": {
        "reportDir": "cypress/reports",
        "overwrite": false,
        "html": false,
        "json": true
      },
      "version": "6.3.2"
    }
  }
}