{
  "stats": {
    "suites": 12,
    "tests": 80,
    "passes": 80,
    "pending": 0,
    "failures": 0,
    "testsRegistered": 80,
    "passPercent": 100,
    "pendingPercent": 0,
    "other": 0,
    "hasOther": false,
    "skipped": 0,
    "hasSkipped": false,
    "start": "2025-12-03T22:02:43.464Z",
    "end": "2025-12-03T22:25:45.446Z",
    "duration": 1381982
  },
  "results": [
    {
      "uuid": "4de3bb78-8e83-4c88-ae54-aee95561d560",
      "title": "",
      "fullFile": "cypress\\e2e\\api\\breeds-all.js",
      "file": "cypress\\e2e\\api\\breeds-all.js",
      "beforeHooks": [],
      "afterHooks": [],
      "tests": [],
      "suites": [
        {
          "uuid": "e4941e62-779c-40e6-9574-e23c445eb16f",
          "title": "Dog API - /breeds/list/all",
          "fullFile": "",
          "file": "",
          "beforeHooks": [],
          "afterHooks": [],
          "tests": [
            {
              "title": "Deve retornar status 200",
              "fullTitle": "Dog API - /breeds/list/all Deve retornar status 200",
              "timedOut": null,
              "duration": 343,
              "state": "passed",
              "speed": "fast",
              "pass": true,
              "fail": false,
              "pending": false,
              "context": null,
              "code": "cy.request(endpoint).then(response => {\n  cy.log(JSON.stringify(response.body, null, 2));\n  expect(response.status).to.eq(200);\n});",
              "err": {},
              "uuid": "d43de677-b774-42f9-b5fc-e8f964cdea51",
              "parentUUID": "e4941e62-779c-40e6-9574-e23c445eb16f",
              "isHook": false,
              "skipped": false
            },
            {
              "title": "Deve retornar a estrutura correta na resposta",
              "fullTitle": "Dog API - /breeds/list/all Deve retornar a estrutura correta na resposta",
              "timedOut": null,
              "duration": 324,
              "state": "passed",
              "speed": "fast",
              "pass": true,
              "fail": false,
              "pending": false,
              "context": null,
              "code": "cy.request(endpoint).then(response => {\n  expect(response.body).to.have.property(\"message\");\n  expect(response.body).to.have.property(\"status\", \"success\");\n  expect(response.body.message).to.be.an(\"object\");\n});",
              "err": {},
              "uuid": "3440a97f-9463-410b-b727-228a153c802f",
              "parentUUID": "e4941e62-779c-40e6-9574-e23c445eb16f",
              "isHook": false,
              "skipped": false
            },
            {
              "title": "Deve conter várias raças retornadas",
              "fullTitle": "Dog API - /breeds/list/all Deve conter várias raças retornadas",
              "timedOut": null,
              "duration": 317,
              "state": "passed",
              "speed": "fast",
              "pass": true,
              "fail": false,
              "pending": false,
              "context": null,
              "code": "cy.request(endpoint).then(response => {\n  const breeds = Object.keys(response.body.message);\n  expect(breeds.length).to.be.greaterThan(0);\n});",
              "err": {},
              "uuid": "f4187662-10ba-45c4-808f-a0d7f195a57d",
              "parentUUID": "e4941e62-779c-40e6-9574-e23c445eb16f",
              "isHook": false,
              "skipped": false
            },
            {
              "title": "Deve conter a raça 'poodle' na lista",
              "fullTitle": "Dog API - /breeds/list/all Deve conter a raça 'poodle' na lista",
              "timedOut": null,
              "duration": 314,
              "state": "passed",
              "speed": "fast",
              "pass": true,
              "fail": false,
              "pending": false,
              "context": null,
              "code": "cy.request(endpoint).then(response => {\n  expect(response.body.message).to.have.property(\"poodle\");\n});",
              "err": {},
              "uuid": "691ff7a0-56cb-476e-8067-28f0d7238019",
              "parentUUID": "e4941e62-779c-40e6-9574-e23c445eb16f",
              "isHook": false,
              "skipped": false
            },
            {
              "title": "Deve validar sub-raças de poodle",
              "fullTitle": "Dog API - /breeds/list/all Deve validar sub-raças de poodle",
              "timedOut": null,
              "duration": 319,
              "state": "passed",
              "speed": "fast",
              "pass": true,
              "fail": false,
              "pending": false,
              "context": null,
              "code": "cy.request(endpoint).then(response => {\n  const subs = response.body.message.poodle;\n  expect(subs).to.be.an(\"array\");\n});",
              "err": {},
              "uuid": "1df1c18b-dfed-4162-864b-ae1928fa53f3",
              "parentUUID": "e4941e62-779c-40e6-9574-e23c445eb16f",
              "isHook": false,
              "skipped": false
            },
            {
              "title": "Deve validar o contrato da resposta",
              "fullTitle": "Dog API - /breeds/list/all Deve validar o contrato da resposta",
              "timedOut": null,
              "duration": 505,
              "state": "passed",
              "speed": "fast",
              "pass": true,
              "fail": false,
              "pending": false,
              "context": null,
              "code": "cy.request(endpoint).then(response => {\n  expect(response.body).to.have.all.keys(\"message\", \"status\");\n  Object.entries(response.body.message).forEach(([breed, subs]) => {\n    expect(breed).to.be.a(\"string\");\n    expect(subs).to.be.an(\"array\");\n  });\n});",
              "err": {},
              "uuid": "c57b7eb3-927b-4cda-b603-31a76c69bce6",
              "parentUUID": "e4941e62-779c-40e6-9574-e23c445eb16f",
              "isHook": false,
              "skipped": false
            },
            {
              "title": "Deve responder em menos de 1 segundo",
              "fullTitle": "Dog API - /breeds/list/all Deve responder em menos de 1 segundo",
              "timedOut": null,
              "duration": 328,
              "state": "passed",
              "speed": "fast",
              "pass": true,
              "fail": false,
              "pending": false,
              "context": null,
              "code": "cy.request({\n  url: endpoint,\n  time: true\n}).then(response => {\n  expect(response.duration).to.be.lessThan(1000);\n});",
              "err": {},
              "uuid": "f8967274-f322-43b0-a1c5-89fd00add452",
              "parentUUID": "e4941e62-779c-40e6-9574-e23c445eb16f",
              "isHook": false,
              "skipped": false
            },
            {
              "title": "Retorna 404 ao acessar endpoint inválido",
              "fullTitle": "Dog API - /breeds/list/all Retorna 404 ao acessar endpoint inválido",
              "timedOut": null,
              "duration": 319,
              "state": "passed",
              "speed": "fast",
              "pass": true,
              "fail": false,
              "pending": false,
              "context": null,
              "code": "cy.request({\n  url: \"/breeds/list/invalid\",\n  failOnStatusCode: false\n}).then(response => {\n  expect(response.status).to.eq(404);\n});",
              "err": {},
              "uuid": "94b1e1bf-dd02-4201-b987-bae8f27912d3",
              "parentUUID": "e4941e62-779c-40e6-9574-e23c445eb16f",
              "isHook": false,
              "skipped": false
            }
          ],
          "suites": [],
          "passes": [
            "d43de677-b774-42f9-b5fc-e8f964cdea51",
            "3440a97f-9463-410b-b727-228a153c802f",
            "f4187662-10ba-45c4-808f-a0d7f195a57d",
            "691ff7a0-56cb-476e-8067-28f0d7238019",
            "1df1c18b-dfed-4162-864b-ae1928fa53f3",
            "c57b7eb3-927b-4cda-b603-31a76c69bce6",
            "f8967274-f322-43b0-a1c5-89fd00add452",
            "94b1e1bf-dd02-4201-b987-bae8f27912d3"
          ],
          "failures": [],
          "pending": [],
          "skipped": [],
          "duration": 2769,
          "root": false,
          "rootEmpty": false,
          "_timeout": 2000
        }
      ],
      "passes": [],
      "failures": [],
      "pending": [],
      "skipped": [],
      "duration": 0,
      "root": true,
      "rootEmpty": true,
      "_timeout": 2000
    },
    {
      "uuid": "37d35e71-1815-406c-8d3b-8e4258a2b867",
      "title": "",
      "fullFile": "cypress\\e2e\\api\\breeds-images.js",
      "file": "cypress\\e2e\\api\\breeds-images.js",
      "beforeHooks": [],
      "afterHooks": [],
      "tests": [],
      "suites": [
        {
          "uuid": "bd56b67a-b9e8-4d4b-bc21-ee19fee6ed4a",
          "title": "Dog API - /breed/{breed}/images",
          "fullFile": "",
          "file": "",
          "beforeHooks": [],
          "afterHooks": [],
          "tests": [
            {
              "title": "Deve retornar status 200 para uma raça válida",
              "fullTitle": "Dog API - /breed/{breed}/images Deve retornar status 200 para uma raça válida",
              "timedOut": null,
              "duration": 346,
              "state": "passed",
              "speed": "fast",
              "pass": true,
              "fail": false,
              "pending": false,
              "context": null,
              "code": "cy.request(`${baseUrl}/${breed}/images`).then(response => {\n  cy.log(JSON.stringify(response.body, null, 2));\n  expect(response.status).to.eq(200);\n  expect(response.body.status).to.eq(\"success\");\n});",
              "err": {},
              "uuid": "f22f79b3-5da0-472d-8692-4a44b3921283",
              "parentUUID": "bd56b67a-b9e8-4d4b-bc21-ee19fee6ed4a",
              "isHook": false,
              "skipped": false
            },
            {
              "title": "Deve retornar uma lista de URLs de imagens",
              "fullTitle": "Dog API - /breed/{breed}/images Deve retornar uma lista de URLs de imagens",
              "timedOut": null,
              "duration": 762,
              "state": "passed",
              "speed": "fast",
              "pass": true,
              "fail": false,
              "pending": false,
              "context": null,
              "code": "cy.request(`${baseUrl}/${breed}/images`).then(response => {\n  cy.log(JSON.stringify(response.body, null, 2));\n  expect(response.body).to.have.property(\"message\");\n  expect(response.body.message).to.be.an(\"array\");\n  expect(response.body.message.length).to.be.greaterThan(0);\n  response.body.message.forEach(imgUrl => {\n    expect(imgUrl).to.match(/^https?:\\/\\//);\n  });\n});",
              "err": {},
              "uuid": "4a3cc6a4-233d-411d-917b-84b663e3b87d",
              "parentUUID": "bd56b67a-b9e8-4d4b-bc21-ee19fee6ed4a",
              "isHook": false,
              "skipped": false
            },
            {
              "title": "Deve validar contrato da resposta",
              "fullTitle": "Dog API - /breed/{breed}/images Deve validar contrato da resposta",
              "timedOut": null,
              "duration": 698,
              "state": "passed",
              "speed": "fast",
              "pass": true,
              "fail": false,
              "pending": false,
              "context": null,
              "code": "cy.request(`${baseUrl}/${breed}/images`).then(response => {\n  expect(response.body).to.have.all.keys(\"message\", \"status\");\n  expect(response.body.message).to.be.an(\"array\");\n  response.body.message.forEach(url => {\n    expect(url).to.be.a(\"string\");\n  });\n});",
              "err": {},
              "uuid": "1fdbefd3-fe5e-4739-bb19-cc194a35df2d",
              "parentUUID": "bd56b67a-b9e8-4d4b-bc21-ee19fee6ed4a",
              "isHook": false,
              "skipped": false
            },
            {
              "title": "Deve responder em menos de 1 segundo",
              "fullTitle": "Dog API - /breed/{breed}/images Deve responder em menos de 1 segundo",
              "timedOut": null,
              "duration": 343,
              "state": "passed",
              "speed": "fast",
              "pass": true,
              "fail": false,
              "pending": false,
              "context": null,
              "code": "cy.request({\n  url: `${baseUrl}/${breed}/images`,\n  time: true\n}).then(response => {\n  cy.log(JSON.stringify(response.body, null, 2));\n  expect(response.duration).to.be.lessThan(1000);\n});",
              "err": {},
              "uuid": "7df3d67a-3e69-42d9-bc49-e1c0c17b308b",
              "parentUUID": "bd56b67a-b9e8-4d4b-bc21-ee19fee6ed4a",
              "isHook": false,
              "skipped": false
            },
            {
              "title": "Deve retornar erro para raça inválida",
              "fullTitle": "Dog API - /breed/{breed}/images Deve retornar erro para raça inválida",
              "timedOut": null,
              "duration": 319,
              "state": "passed",
              "speed": "fast",
              "pass": true,
              "fail": false,
              "pending": false,
              "context": null,
              "code": "cy.request({\n  url: `${baseUrl}/raça-invalida/images`,\n  failOnStatusCode: false\n}).then(response => {\n  expect(response.status).to.eq(404);\n  expect(response.body.status).to.eq(\"error\");\n});",
              "err": {},
              "uuid": "34f5fe52-0bbe-4d99-a548-4656cb8a5e1c",
              "parentUUID": "bd56b67a-b9e8-4d4b-bc21-ee19fee6ed4a",
              "isHook": false,
              "skipped": false
            },
            {
              "title": "Deve garantir que todas as URLs retornadas são de imagens válidas",
              "fullTitle": "Dog API - /breed/{breed}/images Deve garantir que todas as URLs retornadas são de imagens válidas",
              "timedOut": null,
              "duration": 760,
              "state": "passed",
              "speed": "fast",
              "pass": true,
              "fail": false,
              "pending": false,
              "context": null,
              "code": "cy.request(`${baseUrl}/${breed}/images`).then(response => {\n  cy.log(JSON.stringify(response.body, null, 2));\n  response.body.message.forEach(url => {\n    expect(url).to.match(/\\.(jpg|jpeg|png)$/);\n  });\n});",
              "err": {},
              "uuid": "3d40a83f-22fc-42ca-831e-214e1cf11080",
              "parentUUID": "bd56b67a-b9e8-4d4b-bc21-ee19fee6ed4a",
              "isHook": false,
              "skipped": false
            }
          ],
          "suites": [],
          "passes": [
            "f22f79b3-5da0-472d-8692-4a44b3921283",
            "4a3cc6a4-233d-411d-917b-84b663e3b87d",
            "1fdbefd3-fe5e-4739-bb19-cc194a35df2d",
            "7df3d67a-3e69-42d9-bc49-e1c0c17b308b",
            "34f5fe52-0bbe-4d99-a548-4656cb8a5e1c",
            "3d40a83f-22fc-42ca-831e-214e1cf11080"
          ],
          "failures": [],
          "pending": [],
          "skipped": [],
          "duration": 3228,
          "root": false,
          "rootEmpty": false,
          "_timeout": 2000
        }
      ],
      "passes": [],
      "failures": [],
      "pending": [],
      "skipped": [],
      "duration": 0,
      "root": true,
      "rootEmpty": true,
      "_timeout": 2000
    },
    {
      "uuid": "19d91920-6104-4aad-a885-db61c2e47a7c",
      "title": "",
      "fullFile": "cypress\\e2e\\api\\breed_images_random.js",
      "file": "cypress\\e2e\\api\\breed_images_random.js",
      "beforeHooks": [],
      "afterHooks": [],
      "tests": [],
      "suites": [
        {
          "uuid": "6e89e8da-56f0-4d87-bfdb-1317ea04683e",
          "title": "Dog API - /breed/images/random",
          "fullFile": "",
          "file": "",
          "beforeHooks": [],
          "afterHooks": [],
          "tests": [
            {
              "title": "Deve retornar status 200",
              "fullTitle": "Dog API - /breed/images/random Deve retornar status 200",
              "timedOut": null,
              "duration": 733,
              "state": "passed",
              "speed": "fast",
              "pass": true,
              "fail": false,
              "pending": false,
              "context": null,
              "code": "cy.request(endpoint).then(response => {\n  cy.logResponse(response);\n  expect(response.status).to.eq(200);\n  expect(response.body.status).to.eq(\"success\");\n});",
              "err": {},
              "uuid": "53cd1e0e-d684-4492-83b3-b5acbb8a622f",
              "parentUUID": "6e89e8da-56f0-4d87-bfdb-1317ea04683e",
              "isHook": false,
              "skipped": false
            },
            {
              "title": "Deve retornar uma imagem em formato de string",
              "fullTitle": "Dog API - /breed/images/random Deve retornar uma imagem em formato de string",
              "timedOut": null,
              "duration": 316,
              "state": "passed",
              "speed": "fast",
              "pass": true,
              "fail": false,
              "pending": false,
              "context": null,
              "code": "cy.request(endpoint).then(response => {\n  cy.log(response);\n  expect(response.body).to.have.property(\"message\");\n  expect(response.body.message).to.be.a(\"string\");\n});",
              "err": {},
              "uuid": "e7a4d236-930d-4c45-a107-df1104edda13",
              "parentUUID": "6e89e8da-56f0-4d87-bfdb-1317ea04683e",
              "isHook": false,
              "skipped": false
            },
            {
              "title": "Deve garantir que a URL retornada é válida",
              "fullTitle": "Dog API - /breed/images/random Deve garantir que a URL retornada é válida",
              "timedOut": null,
              "duration": 408,
              "state": "passed",
              "speed": "fast",
              "pass": true,
              "fail": false,
              "pending": false,
              "context": null,
              "code": "cy.request(endpoint).then(response => {\n  const imageUrl = response.body.message;\n  cy.log(imageUrl);\n  expect(imageUrl).to.match(/^https?:\\/\\//);\n});",
              "err": {},
              "uuid": "55dede54-bbbf-4d66-8205-926fceb2d5b1",
              "parentUUID": "6e89e8da-56f0-4d87-bfdb-1317ea04683e",
              "isHook": false,
              "skipped": false
            },
            {
              "title": "Deve retornar uma imagem no formato válido",
              "fullTitle": "Dog API - /breed/images/random Deve retornar uma imagem no formato válido",
              "timedOut": null,
              "duration": 313,
              "state": "passed",
              "speed": "fast",
              "pass": true,
              "fail": false,
              "pending": false,
              "context": null,
              "code": "cy.request(endpoint).then(response => {\n  const imageUrl = response.body.message;\n  cy.log(imageUrl);\n  expect(imageUrl).to.match(/\\.(jpg|jpeg|png)$/);\n});",
              "err": {},
              "uuid": "2ec7f4e6-52b7-4f37-b634-9598fc3e919b",
              "parentUUID": "6e89e8da-56f0-4d87-bfdb-1317ea04683e",
              "isHook": false,
              "skipped": false
            },
            {
              "title": "Deve responder em menos de 1 segundo",
              "fullTitle": "Dog API - /breed/images/random Deve responder em menos de 1 segundo",
              "timedOut": null,
              "duration": 398,
              "state": "passed",
              "speed": "fast",
              "pass": true,
              "fail": false,
              "pending": false,
              "context": null,
              "code": "cy.request({\n  url: endpoint,\n  time: true\n}).then(response => {\n  cy.log(\"Tempo (ms): \" + response.duration);\n  expect(response.duration).to.be.lessThan(1000);\n});",
              "err": {},
              "uuid": "a56ad295-d17b-4633-a2f2-627e22b28a8d",
              "parentUUID": "6e89e8da-56f0-4d87-bfdb-1317ea04683e",
              "isHook": false,
              "skipped": false
            },
            {
              "title": "Deve retornar imagens diferentes em requisições consecutivas",
              "fullTitle": "Dog API - /breed/images/random Deve retornar imagens diferentes em requisições consecutivas",
              "timedOut": null,
              "duration": 626,
              "state": "passed",
              "speed": "fast",
              "pass": true,
              "fail": false,
              "pending": false,
              "context": null,
              "code": "let firstImage = null;\ncy.request(endpoint).then(response1 => {\n  firstImage = response1.body.message;\n  return cy.request(endpoint);\n}).then(response2 => {\n  const secondImage = response2.body.message;\n  cy.log(\"Primeira: \" + firstImage);\n  cy.log(\"Segunda: \" + secondImage);\n  expect(firstImage).to.not.equal(secondImage);\n});",
              "err": {},
              "uuid": "83356587-9b2d-4369-91ea-2fe69e1a1ef9",
              "parentUUID": "6e89e8da-56f0-4d87-bfdb-1317ea04683e",
              "isHook": false,
              "skipped": false
            }
          ],
          "suites": [],
          "passes": [
            "53cd1e0e-d684-4492-83b3-b5acbb8a622f",
            "e7a4d236-930d-4c45-a107-df1104edda13",
            "55dede54-bbbf-4d66-8205-926fceb2d5b1",
            "2ec7f4e6-52b7-4f37-b634-9598fc3e919b",
            "a56ad295-d17b-4633-a2f2-627e22b28a8d",
            "83356587-9b2d-4369-91ea-2fe69e1a1ef9"
          ],
          "failures": [],
          "pending": [],
          "skipped": [],
          "duration": 2794,
          "root": false,
          "rootEmpty": false,
          "_timeout": 2000
        }
      ],
      "passes": [],
      "failures": [],
      "pending": [],
      "skipped": [],
      "duration": 0,
      "root": true,
      "rootEmpty": true,
      "_timeout": 2000
    },
    {
      "uuid": "6b663e27-0d67-4dec-8775-8b7c7517b5b6",
      "title": "",
      "fullFile": "cypress\\e2e\\api\\breeds-all.js",
      "file": "cypress\\e2e\\api\\breeds-all.js",
      "beforeHooks": [],
      "afterHooks": [],
      "tests": [],
      "suites": [
        {
          "uuid": "faace565-7e22-4d76-a5bf-144ce98921e6",
          "title": "Dog API - /breeds/list/all",
          "fullFile": "",
          "file": "",
          "beforeHooks": [],
          "afterHooks": [],
          "tests": [
            {
              "title": "Deve retornar status 200",
              "fullTitle": "Dog API - /breeds/list/all Deve retornar status 200",
              "timedOut": null,
              "duration": 353,
              "state": "passed",
              "speed": "fast",
              "pass": true,
              "fail": false,
              "pending": false,
              "context": null,
              "code": "cy.request(endpoint).then(response => {\n  cy.log(JSON.stringify(response.body, null, 2));\n  expect(response.status).to.eq(200);\n});",
              "err": {},
              "uuid": "61bbcd85-1ff1-47a9-89b2-ef5d6b110d12",
              "parentUUID": "faace565-7e22-4d76-a5bf-144ce98921e6",
              "isHook": false,
              "skipped": false
            },
            {
              "title": "Deve retornar a estrutura correta na resposta",
              "fullTitle": "Dog API - /breeds/list/all Deve retornar a estrutura correta na resposta",
              "timedOut": null,
              "duration": 315,
              "state": "passed",
              "speed": "fast",
              "pass": true,
              "fail": false,
              "pending": false,
              "context": null,
              "code": "cy.request(endpoint).then(response => {\n  expect(response.body).to.have.property(\"message\");\n  expect(response.body).to.have.property(\"status\", \"success\");\n  expect(response.body.message).to.be.an(\"object\");\n});",
              "err": {},
              "uuid": "6138f292-d12f-466f-8b92-cc966c8dc0fe",
              "parentUUID": "faace565-7e22-4d76-a5bf-144ce98921e6",
              "isHook": false,
              "skipped": false
            },
            {
              "title": "Deve conter várias raças retornadas",
              "fullTitle": "Dog API - /breeds/list/all Deve conter várias raças retornadas",
              "timedOut": null,
              "duration": 314,
              "state": "passed",
              "speed": "fast",
              "pass": true,
              "fail": false,
              "pending": false,
              "context": null,
              "code": "cy.request(endpoint).then(response => {\n  const breeds = Object.keys(response.body.message);\n  expect(breeds.length).to.be.greaterThan(0);\n});",
              "err": {},
              "uuid": "882dc5f9-0a78-4820-b30c-50742ee852b8",
              "parentUUID": "faace565-7e22-4d76-a5bf-144ce98921e6",
              "isHook": false,
              "skipped": false
            },
            {
              "title": "Deve conter a raça 'poodle' na lista",
              "fullTitle": "Dog API - /breeds/list/all Deve conter a raça 'poodle' na lista",
              "timedOut": null,
              "duration": 313,
              "state": "passed",
              "speed": "fast",
              "pass": true,
              "fail": false,
              "pending": false,
              "context": null,
              "code": "cy.request(endpoint).then(response => {\n  expect(response.body.message).to.have.property(\"poodle\");\n});",
              "err": {},
              "uuid": "f0f4edba-7aef-494c-8711-8976bdb9f939",
              "parentUUID": "faace565-7e22-4d76-a5bf-144ce98921e6",
              "isHook": false,
              "skipped": false
            },
            {
              "title": "Deve validar sub-raças de poodle",
              "fullTitle": "Dog API - /breeds/list/all Deve validar sub-raças de poodle",
              "timedOut": null,
              "duration": 309,
              "state": "passed",
              "speed": "fast",
              "pass": true,
              "fail": false,
              "pending": false,
              "context": null,
              "code": "cy.request(endpoint).then(response => {\n  const subs = response.body.message.poodle;\n  expect(subs).to.be.an(\"array\");\n});",
              "err": {},
              "uuid": "2e79afda-7770-4c4a-b86d-fc2a0b51b7fe",
              "parentUUID": "faace565-7e22-4d76-a5bf-144ce98921e6",
              "isHook": false,
              "skipped": false
            },
            {
              "title": "Deve validar o contrato da resposta",
              "fullTitle": "Dog API - /breeds/list/all Deve validar o contrato da resposta",
              "timedOut": null,
              "duration": 484,
              "state": "passed",
              "speed": "fast",
              "pass": true,
              "fail": false,
              "pending": false,
              "context": null,
              "code": "cy.request(endpoint).then(response => {\n  expect(response.body).to.have.all.keys(\"message\", \"status\");\n  Object.entries(response.body.message).forEach(([breed, subs]) => {\n    expect(breed).to.be.a(\"string\");\n    expect(subs).to.be.an(\"array\");\n  });\n});",
              "err": {},
              "uuid": "15205260-b700-41ab-b15e-55df25daa125",
              "parentUUID": "faace565-7e22-4d76-a5bf-144ce98921e6",
              "isHook": false,
              "skipped": false
            },
            {
              "title": "Deve responder em menos de 1 segundo",
              "fullTitle": "Dog API - /breeds/list/all Deve responder em menos de 1 segundo",
              "timedOut": null,
              "duration": 313,
              "state": "passed",
              "speed": "fast",
              "pass": true,
              "fail": false,
              "pending": false,
              "context": null,
              "code": "cy.request({\n  url: endpoint,\n  time: true\n}).then(response => {\n  expect(response.duration).to.be.lessThan(1000);\n});",
              "err": {},
              "uuid": "20bbeb8f-c365-4bcf-ab77-e93a7750ba1f",
              "parentUUID": "faace565-7e22-4d76-a5bf-144ce98921e6",
              "isHook": false,
              "skipped": false
            },
            {
              "title": "Retorna 404 ao acessar endpoint inválido",
              "fullTitle": "Dog API - /breeds/list/all Retorna 404 ao acessar endpoint inválido",
              "timedOut": null,
              "duration": 317,
              "state": "passed",
              "speed": "fast",
              "pass": true,
              "fail": false,
              "pending": false,
              "context": null,
              "code": "cy.request({\n  url: \"/breeds/list/invalid\",\n  failOnStatusCode: false\n}).then(response => {\n  expect(response.status).to.eq(404);\n});",
              "err": {},
              "uuid": "d9961d32-2f03-4d87-88ca-6fbb8fe6cce7",
              "parentUUID": "faace565-7e22-4d76-a5bf-144ce98921e6",
              "isHook": false,
              "skipped": false
            }
          ],
          "suites": [],
          "passes": [
            "61bbcd85-1ff1-47a9-89b2-ef5d6b110d12",
            "6138f292-d12f-466f-8b92-cc966c8dc0fe",
            "882dc5f9-0a78-4820-b30c-50742ee852b8",
            "f0f4edba-7aef-494c-8711-8976bdb9f939",
            "2e79afda-7770-4c4a-b86d-fc2a0b51b7fe",
            "15205260-b700-41ab-b15e-55df25daa125",
            "20bbeb8f-c365-4bcf-ab77-e93a7750ba1f",
            "d9961d32-2f03-4d87-88ca-6fbb8fe6cce7"
          ],
          "failures": [],
          "pending": [],
          "skipped": [],
          "duration": 2718,
          "root": false,
          "rootEmpty": false,
          "_timeout": 2000
        }
      ],
      "passes": [],
      "failures": [],
      "pending": [],
      "skipped": [],
      "duration": 0,
      "root": true,
      "rootEmpty": true,
      "_timeout": 2000
    },
    {
      "uuid": "7afcfbdd-f688-4cf7-bb74-c06ccce68ef9",
      "title": "",
      "fullFile": "cypress\\e2e\\api\\breeds-images.js",
      "file": "cypress\\e2e\\api\\breeds-images.js",
      "beforeHooks": [],
      "afterHooks": [],
      "tests": [],
      "suites": [
        {
          "uuid": "c5003bc8-5292-4047-990b-9d11c0ac0ba5",
          "title": "Dog API - /breed/{breed}/images",
          "fullFile": "",
          "file": "",
          "beforeHooks": [],
          "afterHooks": [],
          "tests": [
            {
              "title": "Deve retornar status 200 para uma raça válida",
              "fullTitle": "Dog API - /breed/{breed}/images Deve retornar status 200 para uma raça válida",
              "timedOut": null,
              "duration": 346,
              "state": "passed",
              "speed": "fast",
              "pass": true,
              "fail": false,
              "pending": false,
              "context": null,
              "code": "cy.request(`${baseUrl}/${breed}/images`).then(response => {\n  cy.log(JSON.stringify(response.body, null, 2));\n  expect(response.status).to.eq(200);\n  expect(response.body.status).to.eq(\"success\");\n});",
              "err": {},
              "uuid": "f9e61373-9cce-4f3a-ab27-6e64e7db1487",
              "parentUUID": "c5003bc8-5292-4047-990b-9d11c0ac0ba5",
              "isHook": false,
              "skipped": false
            },
            {
              "title": "Deve retornar uma lista de URLs de imagens",
              "fullTitle": "Dog API - /breed/{breed}/images Deve retornar uma lista de URLs de imagens",
              "timedOut": null,
              "duration": 742,
              "state": "passed",
              "speed": "fast",
              "pass": true,
              "fail": false,
              "pending": false,
              "context": null,
              "code": "cy.request(`${baseUrl}/${breed}/images`).then(response => {\n  cy.log(JSON.stringify(response.body, null, 2));\n  expect(response.body).to.have.property(\"message\");\n  expect(response.body.message).to.be.an(\"array\");\n  expect(response.body.message.length).to.be.greaterThan(0);\n  response.body.message.forEach(imgUrl => {\n    expect(imgUrl).to.match(/^https?:\\/\\//);\n  });\n});",
              "err": {},
              "uuid": "01815930-dbc2-46ce-8f71-25dab105f1e6",
              "parentUUID": "c5003bc8-5292-4047-990b-9d11c0ac0ba5",
              "isHook": false,
              "skipped": false
            },
            {
              "title": "Deve validar contrato da resposta",
              "fullTitle": "Dog API - /breed/{breed}/images Deve validar contrato da resposta",
              "timedOut": null,
              "duration": 687,
              "state": "passed",
              "speed": "fast",
              "pass": true,
              "fail": false,
              "pending": false,
              "context": null,
              "code": "cy.request(`${baseUrl}/${breed}/images`).then(response => {\n  expect(response.body).to.have.all.keys(\"message\", \"status\");\n  expect(response.body.message).to.be.an(\"array\");\n  response.body.message.forEach(url => {\n    expect(url).to.be.a(\"string\");\n  });\n});",
              "err": {},
              "uuid": "44a50c9c-957a-4fa5-9fe5-7ce9235cc65c",
              "parentUUID": "c5003bc8-5292-4047-990b-9d11c0ac0ba5",
              "isHook": false,
              "skipped": false
            },
            {
              "title": "Deve responder em menos de 1 segundo",
              "fullTitle": "Dog API - /breed/{breed}/images Deve responder em menos de 1 segundo",
              "timedOut": null,
              "duration": 328,
              "state": "passed",
              "speed": "fast",
              "pass": true,
              "fail": false,
              "pending": false,
              "context": null,
              "code": "cy.request({\n  url: `${baseUrl}/${breed}/images`,\n  time: true\n}).then(response => {\n  cy.log(JSON.stringify(response.body, null, 2));\n  expect(response.duration).to.be.lessThan(1000);\n});",
              "err": {},
              "uuid": "f8ad526d-e192-44fe-91c2-6910c84fb035",
              "parentUUID": "c5003bc8-5292-4047-990b-9d11c0ac0ba5",
              "isHook": false,
              "skipped": false
            },
            {
              "title": "Deve retornar erro para raça inválida",
              "fullTitle": "Dog API - /breed/{breed}/images Deve retornar erro para raça inválida",
              "timedOut": null,
              "duration": 303,
              "state": "passed",
              "speed": "fast",
              "pass": true,
              "fail": false,
              "pending": false,
              "context": null,
              "code": "cy.request({\n  url: `${baseUrl}/raça-invalida/images`,\n  failOnStatusCode: false\n}).then(response => {\n  expect(response.status).to.eq(404);\n  expect(response.body.status).to.eq(\"error\");\n});",
              "err": {},
              "uuid": "ed2f78dc-4b9c-4680-b4ae-b008077a95ce",
              "parentUUID": "c5003bc8-5292-4047-990b-9d11c0ac0ba5",
              "isHook": false,
              "skipped": false
            },
            {
              "title": "Deve garantir que todas as URLs retornadas são de imagens válidas",
              "fullTitle": "Dog API - /breed/{breed}/images Deve garantir que todas as URLs retornadas são de imagens válidas",
              "timedOut": null,
              "duration": 738,
              "state": "passed",
              "speed": "fast",
              "pass": true,
              "fail": false,
              "pending": false,
              "context": null,
              "code": "cy.request(`${baseUrl}/${breed}/images`).then(response => {\n  cy.log(JSON.stringify(response.body, null, 2));\n  response.body.message.forEach(url => {\n    expect(url).to.match(/\\.(jpg|jpeg|png)$/);\n  });\n});",
              "err": {},
              "uuid": "cd699556-d3f0-44e0-bae9-4961fded10cc",
              "parentUUID": "c5003bc8-5292-4047-990b-9d11c0ac0ba5",
              "isHook": false,
              "skipped": false
            }
          ],
          "suites": [],
          "passes": [
            "f9e61373-9cce-4f3a-ab27-6e64e7db1487",
            "01815930-dbc2-46ce-8f71-25dab105f1e6",
            "44a50c9c-957a-4fa5-9fe5-7ce9235cc65c",
            "f8ad526d-e192-44fe-91c2-6910c84fb035",
            "ed2f78dc-4b9c-4680-b4ae-b008077a95ce",
            "cd699556-d3f0-44e0-bae9-4961fded10cc"
          ],
          "failures": [],
          "pending": [],
          "skipped": [],
          "duration": 3144,
          "root": false,
          "rootEmpty": false,
          "_timeout": 2000
        }
      ],
      "passes": [],
      "failures": [],
      "pending": [],
      "skipped": [],
      "duration": 0,
      "root": true,
      "rootEmpty": true,
      "_timeout": 2000
    },
    {
      "uuid": "8f295204-c0f7-4cfa-8107-1d04575837aa",
      "title": "",
      "fullFile": "cypress\\e2e\\api\\breed_images_random.js",
      "file": "cypress\\e2e\\api\\breed_images_random.js",
      "beforeHooks": [],
      "afterHooks": [],
      "tests": [],
      "suites": [
        {
          "uuid": "de0b79cf-a1d5-459e-bac0-12c67244c075",
          "title": "Dog API - /breed/images/random",
          "fullFile": "",
          "file": "",
          "beforeHooks": [],
          "afterHooks": [],
          "tests": [
            {
              "title": "Deve retornar status 200",
              "fullTitle": "Dog API - /breed/images/random Deve retornar status 200",
              "timedOut": null,
              "duration": 912,
              "state": "passed",
              "speed": "fast",
              "pass": true,
              "fail": false,
              "pending": false,
              "context": null,
              "code": "cy.request(endpoint).then(response => {\n  cy.logResponse(response);\n  expect(response.status).to.eq(200);\n  expect(response.body.status).to.eq(\"success\");\n});",
              "err": {},
              "uuid": "e1dd5897-5bed-47b7-a922-5202e1782b62",
              "parentUUID": "de0b79cf-a1d5-459e-bac0-12c67244c075",
              "isHook": false,
              "skipped": false
            },
            {
              "title": "Deve retornar uma imagem em formato de string",
              "fullTitle": "Dog API - /breed/images/random Deve retornar uma imagem em formato de string",
              "timedOut": null,
              "duration": 310,
              "state": "passed",
              "speed": "fast",
              "pass": true,
              "fail": false,
              "pending": false,
              "context": null,
              "code": "cy.request(endpoint).then(response => {\n  cy.log(response);\n  expect(response.body).to.have.property(\"message\");\n  expect(response.body.message).to.be.a(\"string\");\n});",
              "err": {},
              "uuid": "42ae147d-2cca-4242-a992-46c7066595d3",
              "parentUUID": "de0b79cf-a1d5-459e-bac0-12c67244c075",
              "isHook": false,
              "skipped": false
            },
            {
              "title": "Deve garantir que a URL retornada é válida",
              "fullTitle": "Dog API - /breed/images/random Deve garantir que a URL retornada é válida",
              "timedOut": null,
              "duration": 308,
              "state": "passed",
              "speed": "fast",
              "pass": true,
              "fail": false,
              "pending": false,
              "context": null,
              "code": "cy.request(endpoint).then(response => {\n  const imageUrl = response.body.message;\n  cy.log(imageUrl);\n  expect(imageUrl).to.match(/^https?:\\/\\//);\n});",
              "err": {},
              "uuid": "be258854-c48e-42d8-99de-8f64b53f7682",
              "parentUUID": "de0b79cf-a1d5-459e-bac0-12c67244c075",
              "isHook": false,
              "skipped": false
            },
            {
              "title": "Deve retornar uma imagem no formato válido",
              "fullTitle": "Dog API - /breed/images/random Deve retornar uma imagem no formato válido",
              "timedOut": null,
              "duration": 311,
              "state": "passed",
              "speed": "fast",
              "pass": true,
              "fail": false,
              "pending": false,
              "context": null,
              "code": "cy.request(endpoint).then(response => {\n  const imageUrl = response.body.message;\n  cy.log(imageUrl);\n  expect(imageUrl).to.match(/\\.(jpg|jpeg|png)$/);\n});",
              "err": {},
              "uuid": "e95f5e76-ec9b-4fac-bcb3-b65d9362b641",
              "parentUUID": "de0b79cf-a1d5-459e-bac0-12c67244c075",
              "isHook": false,
              "skipped": false
            },
            {
              "title": "Deve responder em menos de 1 segundo",
              "fullTitle": "Dog API - /breed/images/random Deve responder em menos de 1 segundo",
              "timedOut": null,
              "duration": 310,
              "state": "passed",
              "speed": "fast",
              "pass": true,
              "fail": false,
              "pending": false,
              "context": null,
              "code": "cy.request({\n  url: endpoint,\n  time: true\n}).then(response => {\n  cy.log(\"Tempo (ms): \" + response.duration);\n  expect(response.duration).to.be.lessThan(1000);\n});",
              "err": {},
              "uuid": "59978efd-6cf6-4961-9703-84a1651be82c",
              "parentUUID": "de0b79cf-a1d5-459e-bac0-12c67244c075",
              "isHook": false,
              "skipped": false
            },
            {
              "title": "Deve retornar imagens diferentes em requisições consecutivas",
              "fullTitle": "Dog API - /breed/images/random Deve retornar imagens diferentes em requisições consecutivas",
              "timedOut": null,
              "duration": 615,
              "state": "passed",
              "speed": "fast",
              "pass": true,
              "fail": false,
              "pending": false,
              "context": null,
              "code": "let firstImage = null;\ncy.request(endpoint).then(response1 => {\n  firstImage = response1.body.message;\n  return cy.request(endpoint);\n}).then(response2 => {\n  const secondImage = response2.body.message;\n  cy.log(\"Primeira: \" + firstImage);\n  cy.log(\"Segunda: \" + secondImage);\n  expect(firstImage).to.not.equal(secondImage);\n});",
              "err": {},
              "uuid": "5d384733-c802-4eae-ac72-9e9211ca9ada",
              "parentUUID": "de0b79cf-a1d5-459e-bac0-12c67244c075",
              "isHook": false,
              "skipped": false
            }
          ],
          "suites": [],
          "passes": [
            "e1dd5897-5bed-47b7-a922-5202e1782b62",
            "42ae147d-2cca-4242-a992-46c7066595d3",
            "be258854-c48e-42d8-99de-8f64b53f7682",
            "e95f5e76-ec9b-4fac-bcb3-b65d9362b641",
            "59978efd-6cf6-4961-9703-84a1651be82c",
            "5d384733-c802-4eae-ac72-9e9211ca9ada"
          ],
          "failures": [],
          "pending": [],
          "skipped": [],
          "duration": 2766,
          "root": false,
          "rootEmpty": false,
          "_timeout": 2000
        }
      ],
      "passes": [],
      "failures": [],
      "pending": [],
      "skipped": [],
      "duration": 0,
      "root": true,
      "rootEmpty": true,
      "_timeout": 2000
    },
    {
      "uuid": "e9e8c03c-6b4f-42ef-8f38-c2448d73114d",
      "title": "",
      "fullFile": "cypress\\e2e\\api\\breeds-all.js",
      "file": "cypress\\e2e\\api\\breeds-all.js",
      "beforeHooks": [],
      "afterHooks": [],
      "tests": [],
      "suites": [
        {
          "uuid": "2ad8a24c-cd62-448a-99a3-2a955b6cc1ee",
          "title": "Dog API - /breeds/list/all",
          "fullFile": "",
          "file": "",
          "beforeHooks": [],
          "afterHooks": [],
          "tests": [
            {
              "title": "Deve retornar status 200",
              "fullTitle": "Dog API - /breeds/list/all Deve retornar status 200",
              "timedOut": null,
              "duration": 332,
              "state": "passed",
              "speed": "fast",
              "pass": true,
              "fail": false,
              "pending": false,
              "context": null,
              "code": "cy.request(endpoint).then(response => {\n  cy.log(JSON.stringify(response.body, null, 2));\n  expect(response.status).to.eq(200);\n});",
              "err": {},
              "uuid": "70ded44e-f2ea-4405-8be7-dfc72992f948",
              "parentUUID": "2ad8a24c-cd62-448a-99a3-2a955b6cc1ee",
              "isHook": false,
              "skipped": false
            },
            {
              "title": "Deve retornar a estrutura correta na resposta",
              "fullTitle": "Dog API - /breeds/list/all Deve retornar a estrutura correta na resposta",
              "timedOut": null,
              "duration": 318,
              "state": "passed",
              "speed": "fast",
              "pass": true,
              "fail": false,
              "pending": false,
              "context": null,
              "code": "cy.request(endpoint).then(response => {\n  expect(response.body).to.have.property(\"message\");\n  expect(response.body).to.have.property(\"status\", \"success\");\n  expect(response.body.message).to.be.an(\"object\");\n});",
              "err": {},
              "uuid": "c5f0e6f2-18ea-4e53-a680-f2b098c5979e",
              "parentUUID": "2ad8a24c-cd62-448a-99a3-2a955b6cc1ee",
              "isHook": false,
              "skipped": false
            },
            {
              "title": "Deve conter várias raças retornadas",
              "fullTitle": "Dog API - /breeds/list/all Deve conter várias raças retornadas",
              "timedOut": null,
              "duration": 311,
              "state": "passed",
              "speed": "fast",
              "pass": true,
              "fail": false,
              "pending": false,
              "context": null,
              "code": "cy.request(endpoint).then(response => {\n  const breeds = Object.keys(response.body.message);\n  expect(breeds.length).to.be.greaterThan(0);\n});",
              "err": {},
              "uuid": "5b834977-d827-4a87-ad49-146a2f1075fe",
              "parentUUID": "2ad8a24c-cd62-448a-99a3-2a955b6cc1ee",
              "isHook": false,
              "skipped": false
            },
            {
              "title": "Deve conter a raça 'poodle' na lista",
              "fullTitle": "Dog API - /breeds/list/all Deve conter a raça 'poodle' na lista",
              "timedOut": null,
              "duration": 307,
              "state": "passed",
              "speed": "fast",
              "pass": true,
              "fail": false,
              "pending": false,
              "context": null,
              "code": "cy.request(endpoint).then(response => {\n  expect(response.body.message).to.have.property(\"poodle\");\n});",
              "err": {},
              "uuid": "b96cc37f-a422-472d-bf78-aa621a1735c4",
              "parentUUID": "2ad8a24c-cd62-448a-99a3-2a955b6cc1ee",
              "isHook": false,
              "skipped": false
            },
            {
              "title": "Deve validar sub-raças de poodle",
              "fullTitle": "Dog API - /breeds/list/all Deve validar sub-raças de poodle",
              "timedOut": null,
              "duration": 306,
              "state": "passed",
              "speed": "fast",
              "pass": true,
              "fail": false,
              "pending": false,
              "context": null,
              "code": "cy.request(endpoint).then(response => {\n  const subs = response.body.message.poodle;\n  expect(subs).to.be.an(\"array\");\n});",
              "err": {},
              "uuid": "1ed78c91-107a-4ecf-89d0-1a5ab0a8b1a3",
              "parentUUID": "2ad8a24c-cd62-448a-99a3-2a955b6cc1ee",
              "isHook": false,
              "skipped": false
            },
            {
              "title": "Deve validar o contrato da resposta",
              "fullTitle": "Dog API - /breeds/list/all Deve validar o contrato da resposta",
              "timedOut": null,
              "duration": 485,
              "state": "passed",
              "speed": "fast",
              "pass": true,
              "fail": false,
              "pending": false,
              "context": null,
              "code": "cy.request(endpoint).then(response => {\n  expect(response.body).to.have.all.keys(\"message\", \"status\");\n  Object.entries(response.body.message).forEach(([breed, subs]) => {\n    expect(breed).to.be.a(\"string\");\n    expect(subs).to.be.an(\"array\");\n  });\n});",
              "err": {},
              "uuid": "8d7e3a38-f13b-4786-846a-b484155645a1",
              "parentUUID": "2ad8a24c-cd62-448a-99a3-2a955b6cc1ee",
              "isHook": false,
              "skipped": false
            },
            {
              "title": "Deve responder em menos de 1 segundo",
              "fullTitle": "Dog API - /breeds/list/all Deve responder em menos de 1 segundo",
              "timedOut": null,
              "duration": 345,
              "state": "passed",
              "speed": "fast",
              "pass": true,
              "fail": false,
              "pending": false,
              "context": null,
              "code": "cy.request({\n  url: endpoint,\n  time: true\n}).then(response => {\n  expect(response.duration).to.be.lessThan(1000);\n});",
              "err": {},
              "uuid": "871b0b42-c49c-4ae9-b1b8-042381fe6591",
              "parentUUID": "2ad8a24c-cd62-448a-99a3-2a955b6cc1ee",
              "isHook": false,
              "skipped": false
            },
            {
              "title": "Retorna 404 ao acessar endpoint inválido",
              "fullTitle": "Dog API - /breeds/list/all Retorna 404 ao acessar endpoint inválido",
              "timedOut": null,
              "duration": 304,
              "state": "passed",
              "speed": "fast",
              "pass": true,
              "fail": false,
              "pending": false,
              "context": null,
              "code": "cy.request({\n  url: \"/breeds/list/invalid\",\n  failOnStatusCode: false\n}).then(response => {\n  expect(response.status).to.eq(404);\n});",
              "err": {},
              "uuid": "2553be0a-829e-4a15-87bb-ea6f34392c54",
              "parentUUID": "2ad8a24c-cd62-448a-99a3-2a955b6cc1ee",
              "isHook": false,
              "skipped": false
            }
          ],
          "suites": [],
          "passes": [
            "70ded44e-f2ea-4405-8be7-dfc72992f948",
            "c5f0e6f2-18ea-4e53-a680-f2b098c5979e",
            "5b834977-d827-4a87-ad49-146a2f1075fe",
            "b96cc37f-a422-472d-bf78-aa621a1735c4",
            "1ed78c91-107a-4ecf-89d0-1a5ab0a8b1a3",
            "8d7e3a38-f13b-4786-846a-b484155645a1",
            "871b0b42-c49c-4ae9-b1b8-042381fe6591",
            "2553be0a-829e-4a15-87bb-ea6f34392c54"
          ],
          "failures": [],
          "pending": [],
          "skipped": [],
          "duration": 2708,
          "root": false,
          "rootEmpty": false,
          "_timeout": 2000
        }
      ],
      "passes": [],
      "failures": [],
      "pending": [],
      "skipped": [],
      "duration": 0,
      "root": true,
      "rootEmpty": true,
      "_timeout": 2000
    },
    {
      "uuid": "08047dbc-bf43-4fd0-b784-4d16abaff958",
      "title": "",
      "fullFile": "cypress\\e2e\\api\\breeds-images.js",
      "file": "cypress\\e2e\\api\\breeds-images.js",
      "beforeHooks": [],
      "afterHooks": [],
      "tests": [],
      "suites": [
        {
          "uuid": "5db605da-3bfb-47b4-beaf-f08a5ec59185",
          "title": "Dog API - /breed/{breed}/images",
          "fullFile": "",
          "file": "",
          "beforeHooks": [],
          "afterHooks": [],
          "tests": [
            {
              "title": "Deve retornar status 200 para uma raça válida",
              "fullTitle": "Dog API - /breed/{breed}/images Deve retornar status 200 para uma raça válida",
              "timedOut": null,
              "duration": 357,
              "state": "passed",
              "speed": "fast",
              "pass": true,
              "fail": false,
              "pending": false,
              "context": null,
              "code": "cy.request(`${baseUrl}/${breed}/images`).then(response => {\n  cy.log(JSON.stringify(response.body, null, 2));\n  expect(response.status).to.eq(200);\n  expect(response.body.status).to.eq(\"success\");\n});",
              "err": {},
              "uuid": "8cddbb20-5e9f-439b-b469-6ffbc0c791ef",
              "parentUUID": "5db605da-3bfb-47b4-beaf-f08a5ec59185",
              "isHook": false,
              "skipped": false
            },
            {
              "title": "Deve retornar uma lista de URLs de imagens",
              "fullTitle": "Dog API - /breed/{breed}/images Deve retornar uma lista de URLs de imagens",
              "timedOut": null,
              "duration": 805,
              "state": "passed",
              "speed": "fast",
              "pass": true,
              "fail": false,
              "pending": false,
              "context": null,
              "code": "cy.request(`${baseUrl}/${breed}/images`).then(response => {\n  cy.log(JSON.stringify(response.body, null, 2));\n  expect(response.body).to.have.property(\"message\");\n  expect(response.body.message).to.be.an(\"array\");\n  expect(response.body.message.length).to.be.greaterThan(0);\n  response.body.message.forEach(imgUrl => {\n    expect(imgUrl).to.match(/^https?:\\/\\//);\n  });\n});",
              "err": {},
              "uuid": "635957f5-13e7-4ddd-b7df-affe0637c2a5",
              "parentUUID": "5db605da-3bfb-47b4-beaf-f08a5ec59185",
              "isHook": false,
              "skipped": false
            },
            {
              "title": "Deve validar contrato da resposta",
              "fullTitle": "Dog API - /breed/{breed}/images Deve validar contrato da resposta",
              "timedOut": null,
              "duration": 805,
              "state": "passed",
              "speed": "fast",
              "pass": true,
              "fail": false,
              "pending": false,
              "context": null,
              "code": "cy.request(`${baseUrl}/${breed}/images`).then(response => {\n  expect(response.body).to.have.all.keys(\"message\", \"status\");\n  expect(response.body.message).to.be.an(\"array\");\n  response.body.message.forEach(url => {\n    expect(url).to.be.a(\"string\");\n  });\n});",
              "err": {},
              "uuid": "19043659-30d4-4611-a682-412a11c0e4cf",
              "parentUUID": "5db605da-3bfb-47b4-beaf-f08a5ec59185",
              "isHook": false,
              "skipped": false
            },
            {
              "title": "Deve responder em menos de 1 segundo",
              "fullTitle": "Dog API - /breed/{breed}/images Deve responder em menos de 1 segundo",
              "timedOut": null,
              "duration": 317,
              "state": "passed",
              "speed": "fast",
              "pass": true,
              "fail": false,
              "pending": false,
              "context": null,
              "code": "cy.request({\n  url: `${baseUrl}/${breed}/images`,\n  time: true\n}).then(response => {\n  cy.log(JSON.stringify(response.body, null, 2));\n  expect(response.duration).to.be.lessThan(1000);\n});",
              "err": {},
              "uuid": "02b80b89-ef48-45e3-82ac-d3a2c541d653",
              "parentUUID": "5db605da-3bfb-47b4-beaf-f08a5ec59185",
              "isHook": false,
              "skipped": false
            },
            {
              "title": "Deve retornar erro para raça inválida",
              "fullTitle": "Dog API - /breed/{breed}/images Deve retornar erro para raça inválida",
              "timedOut": null,
              "duration": 308,
              "state": "passed",
              "speed": "fast",
              "pass": true,
              "fail": false,
              "pending": false,
              "context": null,
              "code": "cy.request({\n  url: `${baseUrl}/raça-invalida/images`,\n  failOnStatusCode: false\n}).then(response => {\n  expect(response.status).to.eq(404);\n  expect(response.body.status).to.eq(\"error\");\n});",
              "err": {},
              "uuid": "aee37625-428c-4320-964c-e0add3606e0b",
              "parentUUID": "5db605da-3bfb-47b4-beaf-f08a5ec59185",
              "isHook": false,
              "skipped": false
            },
            {
              "title": "Deve garantir que todas as URLs retornadas são de imagens válidas",
              "fullTitle": "Dog API - /breed/{breed}/images Deve garantir que todas as URLs retornadas são de imagens válidas",
              "timedOut": null,
              "duration": 771,
              "state": "passed",
              "speed": "fast",
              "pass": true,
              "fail": false,
              "pending": false,
              "context": null,
              "code": "cy.request(`${baseUrl}/${breed}/images`).then(response => {\n  cy.log(JSON.stringify(response.body, null, 2));\n  response.body.message.forEach(url => {\n    expect(url).to.match(/\\.(jpg|jpeg|png)$/);\n  });\n});",
              "err": {},
              "uuid": "8dae4ac7-2c26-4714-aa9f-c56089a4b6cb",
              "parentUUID": "5db605da-3bfb-47b4-beaf-f08a5ec59185",
              "isHook": false,
              "skipped": false
            }
          ],
          "suites": [],
          "passes": [
            "8cddbb20-5e9f-439b-b469-6ffbc0c791ef",
            "635957f5-13e7-4ddd-b7df-affe0637c2a5",
            "19043659-30d4-4611-a682-412a11c0e4cf",
            "02b80b89-ef48-45e3-82ac-d3a2c541d653",
            "aee37625-428c-4320-964c-e0add3606e0b",
            "8dae4ac7-2c26-4714-aa9f-c56089a4b6cb"
          ],
          "failures": [],
          "pending": [],
          "skipped": [],
          "duration": 3363,
          "root": false,
          "rootEmpty": false,
          "_timeout": 2000
        }
      ],
      "passes": [],
      "failures": [],
      "pending": [],
      "skipped": [],
      "duration": 0,
      "root": true,
      "rootEmpty": true,
      "_timeout": 2000
    },
    {
      "uuid": "ccba512b-ce9b-4893-8208-66b6bd53597a",
      "title": "",
      "fullFile": "cypress\\e2e\\api\\breed_images_random.js",
      "file": "cypress\\e2e\\api\\breed_images_random.js",
      "beforeHooks": [],
      "afterHooks": [],
      "tests": [],
      "suites": [
        {
          "uuid": "07b25ac0-fda5-4a6e-ac48-468dab9357a0",
          "title": "Dog API - /breed/images/random",
          "fullFile": "",
          "file": "",
          "beforeHooks": [],
          "afterHooks": [],
          "tests": [
            {
              "title": "Deve retornar status 200",
              "fullTitle": "Dog API - /breed/images/random Deve retornar status 200",
              "timedOut": null,
              "duration": 895,
              "state": "passed",
              "speed": "fast",
              "pass": true,
              "fail": false,
              "pending": false,
              "context": null,
              "code": "cy.request(endpoint).then(response => {\n  cy.logResponse(response);\n  expect(response.status).to.eq(200);\n  expect(response.body.status).to.eq(\"success\");\n});",
              "err": {},
              "uuid": "f7d55c45-ccf6-4cfc-86b4-bbb57d206992",
              "parentUUID": "07b25ac0-fda5-4a6e-ac48-468dab9357a0",
              "isHook": false,
              "skipped": false
            },
            {
              "title": "Deve retornar uma imagem em formato de string",
              "fullTitle": "Dog API - /breed/images/random Deve retornar uma imagem em formato de string",
              "timedOut": null,
              "duration": 308,
              "state": "passed",
              "speed": "fast",
              "pass": true,
              "fail": false,
              "pending": false,
              "context": null,
              "code": "cy.request(endpoint).then(response => {\n  cy.log(response);\n  expect(response.body).to.have.property(\"message\");\n  expect(response.body.message).to.be.a(\"string\");\n});",
              "err": {},
              "uuid": "f7ea1e36-d9b7-4030-b446-a4675cb28ab2",
              "parentUUID": "07b25ac0-fda5-4a6e-ac48-468dab9357a0",
              "isHook": false,
              "skipped": false
            },
            {
              "title": "Deve garantir que a URL retornada é válida",
              "fullTitle": "Dog API - /breed/images/random Deve garantir que a URL retornada é válida",
              "timedOut": null,
              "duration": 314,
              "state": "passed",
              "speed": "fast",
              "pass": true,
              "fail": false,
              "pending": false,
              "context": null,
              "code": "cy.request(endpoint).then(response => {\n  const imageUrl = response.body.message;\n  cy.log(imageUrl);\n  expect(imageUrl).to.match(/^https?:\\/\\//);\n});",
              "err": {},
              "uuid": "53721921-53f1-41f6-8a63-f7485d8934f2",
              "parentUUID": "07b25ac0-fda5-4a6e-ac48-468dab9357a0",
              "isHook": false,
              "skipped": false
            },
            {
              "title": "Deve retornar uma imagem no formato válido",
              "fullTitle": "Dog API - /breed/images/random Deve retornar uma imagem no formato válido",
              "timedOut": null,
              "duration": 305,
              "state": "passed",
              "speed": "fast",
              "pass": true,
              "fail": false,
              "pending": false,
              "context": null,
              "code": "cy.request(endpoint).then(response => {\n  const imageUrl = response.body.message;\n  cy.log(imageUrl);\n  expect(imageUrl).to.match(/\\.(jpg|jpeg|png)$/);\n});",
              "err": {},
              "uuid": "969641e8-62dd-41e9-987b-a06592968ba0",
              "parentUUID": "07b25ac0-fda5-4a6e-ac48-468dab9357a0",
              "isHook": false,
              "skipped": false
            },
            {
              "title": "Deve responder em menos de 1 segundo",
              "fullTitle": "Dog API - /breed/images/random Deve responder em menos de 1 segundo",
              "timedOut": null,
              "duration": 308,
              "state": "passed",
              "speed": "fast",
              "pass": true,
              "fail": false,
              "pending": false,
              "context": null,
              "code": "cy.request({\n  url: endpoint,\n  time: true\n}).then(response => {\n  cy.log(\"Tempo (ms): \" + response.duration);\n  expect(response.duration).to.be.lessThan(1000);\n});",
              "err": {},
              "uuid": "afa33e3e-133f-420d-9279-fc5a3ab2b91a",
              "parentUUID": "07b25ac0-fda5-4a6e-ac48-468dab9357a0",
              "isHook": false,
              "skipped": false
            },
            {
              "title": "Deve retornar imagens diferentes em requisições consecutivas",
              "fullTitle": "Dog API - /breed/images/random Deve retornar imagens diferentes em requisições consecutivas",
              "timedOut": null,
              "duration": 613,
              "state": "passed",
              "speed": "fast",
              "pass": true,
              "fail": false,
              "pending": false,
              "context": null,
              "code": "let firstImage = null;\ncy.request(endpoint).then(response1 => {\n  firstImage = response1.body.message;\n  return cy.request(endpoint);\n}).then(response2 => {\n  const secondImage = response2.body.message;\n  cy.log(\"Primeira: \" + firstImage);\n  cy.log(\"Segunda: \" + secondImage);\n  expect(firstImage).to.not.equal(secondImage);\n});",
              "err": {},
              "uuid": "45cc6f17-dd49-4ea7-a163-3b8e1e1dc542",
              "parentUUID": "07b25ac0-fda5-4a6e-ac48-468dab9357a0",
              "isHook": false,
              "skipped": false
            }
          ],
          "suites": [],
          "passes": [
            "f7d55c45-ccf6-4cfc-86b4-bbb57d206992",
            "f7ea1e36-d9b7-4030-b446-a4675cb28ab2",
            "53721921-53f1-41f6-8a63-f7485d8934f2",
            "969641e8-62dd-41e9-987b-a06592968ba0",
            "afa33e3e-133f-420d-9279-fc5a3ab2b91a",
            "45cc6f17-dd49-4ea7-a163-3b8e1e1dc542"
          ],
          "failures": [],
          "pending": [],
          "skipped": [],
          "duration": 2743,
          "root": false,
          "rootEmpty": false,
          "_timeout": 2000
        }
      ],
      "passes": [],
      "failures": [],
      "pending": [],
      "skipped": [],
      "duration": 0,
      "root": true,
      "rootEmpty": true,
      "_timeout": 2000
    },
    {
      "uuid": "b167e988-0436-4157-875b-97299041e66c",
      "title": "",
      "fullFile": "cypress\\e2e\\api\\breeds-all.js",
      "file": "cypress\\e2e\\api\\breeds-all.js",
      "beforeHooks": [],
      "afterHooks": [],
      "tests": [],
      "suites": [
        {
          "uuid": "15b005c6-3d26-4471-bde4-1fe6c36941d3",
          "title": "Dog API - /breeds/list/all",
          "fullFile": "",
          "file": "",
          "beforeHooks": [],
          "afterHooks": [],
          "tests": [
            {
              "title": "Deve retornar status 200",
              "fullTitle": "Dog API - /breeds/list/all Deve retornar status 200",
              "timedOut": null,
              "duration": 328,
              "state": "passed",
              "speed": "fast",
              "pass": true,
              "fail": false,
              "pending": false,
              "context": null,
              "code": "cy.request(endpoint).then(response => {\n  cy.log(JSON.stringify(response.body, null, 2));\n  expect(response.status).to.eq(200);\n});",
              "err": {},
              "uuid": "9af52e2c-01fe-4f66-9a91-0bb38608f17a",
              "parentUUID": "15b005c6-3d26-4471-bde4-1fe6c36941d3",
              "isHook": false,
              "skipped": false
            },
            {
              "title": "Deve retornar a estrutura correta na resposta",
              "fullTitle": "Dog API - /breeds/list/all Deve retornar a estrutura correta na resposta",
              "timedOut": null,
              "duration": 314,
              "state": "passed",
              "speed": "fast",
              "pass": true,
              "fail": false,
              "pending": false,
              "context": null,
              "code": "cy.request(endpoint).then(response => {\n  expect(response.body).to.have.property(\"message\");\n  expect(response.body).to.have.property(\"status\", \"success\");\n  expect(response.body.message).to.be.an(\"object\");\n});",
              "err": {},
              "uuid": "420c63d5-1a66-45d6-ae23-1307c585e067",
              "parentUUID": "15b005c6-3d26-4471-bde4-1fe6c36941d3",
              "isHook": false,
              "skipped": false
            },
            {
              "title": "Deve conter várias raças retornadas",
              "fullTitle": "Dog API - /breeds/list/all Deve conter várias raças retornadas",
              "timedOut": null,
              "duration": 301,
              "state": "passed",
              "speed": "fast",
              "pass": true,
              "fail": false,
              "pending": false,
              "context": null,
              "code": "cy.request(endpoint).then(response => {\n  const breeds = Object.keys(response.body.message);\n  expect(breeds.length).to.be.greaterThan(0);\n});",
              "err": {},
              "uuid": "ce7100b9-9184-486d-8e40-b9878fae109f",
              "parentUUID": "15b005c6-3d26-4471-bde4-1fe6c36941d3",
              "isHook": false,
              "skipped": false
            },
            {
              "title": "Deve conter a raça 'poodle' na lista",
              "fullTitle": "Dog API - /breeds/list/all Deve conter a raça 'poodle' na lista",
              "timedOut": null,
              "duration": 305,
              "state": "passed",
              "speed": "fast",
              "pass": true,
              "fail": false,
              "pending": false,
              "context": null,
              "code": "cy.request(endpoint).then(response => {\n  expect(response.body.message).to.have.property(\"poodle\");\n});",
              "err": {},
              "uuid": "12a07a73-db29-44d3-bcff-45689d1d5187",
              "parentUUID": "15b005c6-3d26-4471-bde4-1fe6c36941d3",
              "isHook": false,
              "skipped": false
            },
            {
              "title": "Deve validar sub-raças de poodle",
              "fullTitle": "Dog API - /breeds/list/all Deve validar sub-raças de poodle",
              "timedOut": null,
              "duration": 294,
              "state": "passed",
              "speed": "fast",
              "pass": true,
              "fail": false,
              "pending": false,
              "context": null,
              "code": "cy.request(endpoint).then(response => {\n  const subs = response.body.message.poodle;\n  expect(subs).to.be.an(\"array\");\n});",
              "err": {},
              "uuid": "0d15259e-e330-474d-b77b-b69cfd8d5bf3",
              "parentUUID": "15b005c6-3d26-4471-bde4-1fe6c36941d3",
              "isHook": false,
              "skipped": false
            },
            {
              "title": "Deve validar o contrato da resposta",
              "fullTitle": "Dog API - /breeds/list/all Deve validar o contrato da resposta",
              "timedOut": null,
              "duration": 479,
              "state": "passed",
              "speed": "fast",
              "pass": true,
              "fail": false,
              "pending": false,
              "context": null,
              "code": "cy.request(endpoint).then(response => {\n  expect(response.body).to.have.all.keys(\"message\", \"status\");\n  Object.entries(response.body.message).forEach(([breed, subs]) => {\n    expect(breed).to.be.a(\"string\");\n    expect(subs).to.be.an(\"array\");\n  });\n});",
              "err": {},
              "uuid": "b24460ed-1ce4-4171-8b44-1b9362559516",
              "parentUUID": "15b005c6-3d26-4471-bde4-1fe6c36941d3",
              "isHook": false,
              "skipped": false
            },
            {
              "title": "Deve responder em menos de 1 segundo",
              "fullTitle": "Dog API - /breeds/list/all Deve responder em menos de 1 segundo",
              "timedOut": null,
              "duration": 303,
              "state": "passed",
              "speed": "fast",
              "pass": true,
              "fail": false,
              "pending": false,
              "context": null,
              "code": "cy.request({\n  url: endpoint,\n  time: true\n}).then(response => {\n  expect(response.duration).to.be.lessThan(1000);\n});",
              "err": {},
              "uuid": "5217c03a-259a-4922-9312-f31ffcad5c16",
              "parentUUID": "15b005c6-3d26-4471-bde4-1fe6c36941d3",
              "isHook": false,
              "skipped": false
            },
            {
              "title": "Retorna 404 ao acessar endpoint inválido",
              "fullTitle": "Dog API - /breeds/list/all Retorna 404 ao acessar endpoint inválido",
              "timedOut": null,
              "duration": 320,
              "state": "passed",
              "speed": "fast",
              "pass": true,
              "fail": false,
              "pending": false,
              "context": null,
              "code": "cy.request({\n  url: \"/breeds/list/invalid\",\n  failOnStatusCode: false\n}).then(response => {\n  expect(response.status).to.eq(404);\n});",
              "err": {},
              "uuid": "9dea5adb-8dc5-4cef-81c9-ed46f59c7cf0",
              "parentUUID": "15b005c6-3d26-4471-bde4-1fe6c36941d3",
              "isHook": false,
              "skipped": false
            }
          ],
          "suites": [],
          "passes": [
            "9af52e2c-01fe-4f66-9a91-0bb38608f17a",
            "420c63d5-1a66-45d6-ae23-1307c585e067",
            "ce7100b9-9184-486d-8e40-b9878fae109f",
            "12a07a73-db29-44d3-bcff-45689d1d5187",
            "0d15259e-e330-474d-b77b-b69cfd8d5bf3",
            "b24460ed-1ce4-4171-8b44-1b9362559516",
            "5217c03a-259a-4922-9312-f31ffcad5c16",
            "9dea5adb-8dc5-4cef-81c9-ed46f59c7cf0"
          ],
          "failures": [],
          "pending": [],
          "skipped": [],
          "duration": 2644,
          "root": false,
          "rootEmpty": false,
          "_timeout": 2000
        }
      ],
      "passes": [],
      "failures": [],
      "pending": [],
      "skipped": [],
      "duration": 0,
      "root": true,
      "rootEmpty": true,
      "_timeout": 2000
    },
    {
      "uuid": "2bad0633-227d-4f87-8c9e-2566d3b46f08",
      "title": "",
      "fullFile": "cypress\\e2e\\api\\breeds-images.js",
      "file": "cypress\\e2e\\api\\breeds-images.js",
      "beforeHooks": [],
      "afterHooks": [],
      "tests": [],
      "suites": [
        {
          "uuid": "7fec22d8-7578-4956-9ead-44567b67335a",
          "title": "Dog API - /breed/{breed}/images",
          "fullFile": "",
          "file": "",
          "beforeHooks": [],
          "afterHooks": [],
          "tests": [
            {
              "title": "Deve retornar status 200 para uma raça válida",
              "fullTitle": "Dog API - /breed/{breed}/images Deve retornar status 200 para uma raça válida",
              "timedOut": null,
              "duration": 330,
              "state": "passed",
              "speed": "fast",
              "pass": true,
              "fail": false,
              "pending": false,
              "context": null,
              "code": "cy.request(`${baseUrl}/${breed}/images`).then(response => {\n  cy.log(JSON.stringify(response.body, null, 2));\n  expect(response.status).to.eq(200);\n  expect(response.body.status).to.eq(\"success\");\n});",
              "err": {},
              "uuid": "0c11ee9b-7050-4377-91de-35b81fbd48e4",
              "parentUUID": "7fec22d8-7578-4956-9ead-44567b67335a",
              "isHook": false,
              "skipped": false
            },
            {
              "title": "Deve retornar uma lista de URLs de imagens",
              "fullTitle": "Dog API - /breed/{breed}/images Deve retornar uma lista de URLs de imagens",
              "timedOut": null,
              "duration": 741,
              "state": "passed",
              "speed": "fast",
              "pass": true,
              "fail": false,
              "pending": false,
              "context": null,
              "code": "cy.request(`${baseUrl}/${breed}/images`).then(response => {\n  cy.log(JSON.stringify(response.body, null, 2));\n  expect(response.body).to.have.property(\"message\");\n  expect(response.body.message).to.be.an(\"array\");\n  expect(response.body.message.length).to.be.greaterThan(0);\n  response.body.message.forEach(imgUrl => {\n    expect(imgUrl).to.match(/^https?:\\/\\//);\n  });\n});",
              "err": {},
              "uuid": "720c5ceb-3386-4eae-8c33-865d0c195096",
              "parentUUID": "7fec22d8-7578-4956-9ead-44567b67335a",
              "isHook": false,
              "skipped": false
            },
            {
              "title": "Deve validar contrato da resposta",
              "fullTitle": "Dog API - /breed/{breed}/images Deve validar contrato da resposta",
              "timedOut": null,
              "duration": 682,
              "state": "passed",
              "speed": "fast",
              "pass": true,
              "fail": false,
              "pending": false,
              "context": null,
              "code": "cy.request(`${baseUrl}/${breed}/images`).then(response => {\n  expect(response.body).to.have.all.keys(\"message\", \"status\");\n  expect(response.body.message).to.be.an(\"array\");\n  response.body.message.forEach(url => {\n    expect(url).to.be.a(\"string\");\n  });\n});",
              "err": {},
              "uuid": "9b7f2e8f-b719-4842-9eb2-d5b54181da9f",
              "parentUUID": "7fec22d8-7578-4956-9ead-44567b67335a",
              "isHook": false,
              "skipped": false
            },
            {
              "title": "Deve responder em menos de 1 segundo",
              "fullTitle": "Dog API - /breed/{breed}/images Deve responder em menos de 1 segundo",
              "timedOut": null,
              "duration": 316,
              "state": "passed",
              "speed": "fast",
              "pass": true,
              "fail": false,
              "pending": false,
              "context": null,
              "code": "cy.request({\n  url: `${baseUrl}/${breed}/images`,\n  time: true\n}).then(response => {\n  cy.log(JSON.stringify(response.body, null, 2));\n  expect(response.duration).to.be.lessThan(1000);\n});",
              "err": {},
              "uuid": "b67cdeee-e57b-481b-a065-bbf02890c446",
              "parentUUID": "7fec22d8-7578-4956-9ead-44567b67335a",
              "isHook": false,
              "skipped": false
            },
            {
              "title": "Deve retornar erro para raça inválida",
              "fullTitle": "Dog API - /breed/{breed}/images Deve retornar erro para raça inválida",
              "timedOut": null,
              "duration": 304,
              "state": "passed",
              "speed": "fast",
              "pass": true,
              "fail": false,
              "pending": false,
              "context": null,
              "code": "cy.request({\n  url: `${baseUrl}/raça-invalida/images`,\n  failOnStatusCode: false\n}).then(response => {\n  expect(response.status).to.eq(404);\n  expect(response.body.status).to.eq(\"error\");\n});",
              "err": {},
              "uuid": "23e448fb-28d6-4eb0-97a1-091d3c891121",
              "parentUUID": "7fec22d8-7578-4956-9ead-44567b67335a",
              "isHook": false,
              "skipped": false
            },
            {
              "title": "Deve garantir que todas as URLs retornadas são de imagens válidas",
              "fullTitle": "Dog API - /breed/{breed}/images Deve garantir que todas as URLs retornadas são de imagens válidas",
              "timedOut": null,
              "duration": 724,
              "state": "passed",
              "speed": "fast",
              "pass": true,
              "fail": false,
              "pending": false,
              "context": null,
              "code": "cy.request(`${baseUrl}/${breed}/images`).then(response => {\n  cy.log(JSON.stringify(response.body, null, 2));\n  response.body.message.forEach(url => {\n    expect(url).to.match(/\\.(jpg|jpeg|png)$/);\n  });\n});",
              "err": {},
              "uuid": "fcf5ebf0-301c-4547-8185-b873de93fb80",
              "parentUUID": "7fec22d8-7578-4956-9ead-44567b67335a",
              "isHook": false,
              "skipped": false
            }
          ],
          "suites": [],
          "passes": [
            "0c11ee9b-7050-4377-91de-35b81fbd48e4",
            "720c5ceb-3386-4eae-8c33-865d0c195096",
            "9b7f2e8f-b719-4842-9eb2-d5b54181da9f",
            "b67cdeee-e57b-481b-a065-bbf02890c446",
            "23e448fb-28d6-4eb0-97a1-091d3c891121",
            "fcf5ebf0-301c-4547-8185-b873de93fb80"
          ],
          "failures": [],
          "pending": [],
          "skipped": [],
          "duration": 3097,
          "root": false,
          "rootEmpty": false,
          "_timeout": 2000
        }
      ],
      "passes": [],
      "failures": [],
      "pending": [],
      "skipped": [],
      "duration": 0,
      "root": true,
      "rootEmpty": true,
      "_timeout": 2000
    },
    {
      "uuid": "62081bd4-aa39-4019-98d6-281d0d7b83e2",
      "title": "",
      "fullFile": "cypress\\e2e\\api\\breed_images_random.js",
      "file": "cypress\\e2e\\api\\breed_images_random.js",
      "beforeHooks": [],
      "afterHooks": [],
      "tests": [],
      "suites": [
        {
          "uuid": "3041e2c1-0df6-4a84-9e9e-8cd8d7876980",
          "title": "Dog API - /breed/images/random",
          "fullFile": "",
          "file": "",
          "beforeHooks": [],
          "afterHooks": [],
          "tests": [
            {
              "title": "Deve retornar status 200",
              "fullTitle": "Dog API - /breed/images/random Deve retornar status 200",
              "timedOut": null,
              "duration": 663,
              "state": "passed",
              "speed": "fast",
              "pass": true,
              "fail": false,
              "pending": false,
              "context": null,
              "code": "cy.request(endpoint).then(response => {\n  cy.logResponse(response);\n  expect(response.status).to.eq(200);\n  expect(response.body.status).to.eq(\"success\");\n});",
              "err": {},
              "uuid": "b799395f-117f-4046-a784-a4b7f7824b05",
              "parentUUID": "3041e2c1-0df6-4a84-9e9e-8cd8d7876980",
              "isHook": false,
              "skipped": false
            },
            {
              "title": "Deve retornar uma imagem em formato de string",
              "fullTitle": "Dog API - /breed/images/random Deve retornar uma imagem em formato de string",
              "timedOut": null,
              "duration": 332,
              "state": "passed",
              "speed": "fast",
              "pass": true,
              "fail": false,
              "pending": false,
              "context": null,
              "code": "cy.request(endpoint).then(response => {\n  cy.log(response);\n  expect(response.body).to.have.property(\"message\");\n  expect(response.body.message).to.be.a(\"string\");\n});",
              "err": {},
              "uuid": "517e7236-ca6d-4107-bb0a-ad28f79f0336",
              "parentUUID": "3041e2c1-0df6-4a84-9e9e-8cd8d7876980",
              "isHook": false,
              "skipped": false
            },
            {
              "title": "Deve garantir que a URL retornada é válida",
              "fullTitle": "Dog API - /breed/images/random Deve garantir que a URL retornada é válida",
              "timedOut": null,
              "duration": 322,
              "state": "passed",
              "speed": "fast",
              "pass": true,
              "fail": false,
              "pending": false,
              "context": null,
              "code": "cy.request(endpoint).then(response => {\n  const imageUrl = response.body.message;\n  cy.log(imageUrl);\n  expect(imageUrl).to.match(/^https?:\\/\\//);\n});",
              "err": {},
              "uuid": "b993dc81-eb19-4abe-ab43-c34daf569e72",
              "parentUUID": "3041e2c1-0df6-4a84-9e9e-8cd8d7876980",
              "isHook": false,
              "skipped": false
            },
            {
              "title": "Deve retornar uma imagem no formato válido",
              "fullTitle": "Dog API - /breed/images/random Deve retornar uma imagem no formato válido",
              "timedOut": null,
              "duration": 319,
              "state": "passed",
              "speed": "fast",
              "pass": true,
              "fail": false,
              "pending": false,
              "context": null,
              "code": "cy.request(endpoint).then(response => {\n  const imageUrl = response.body.message;\n  cy.log(imageUrl);\n  expect(imageUrl).to.match(/\\.(jpg|jpeg|png)$/);\n});",
              "err": {},
              "uuid": "b6719fae-b29f-4928-b4c8-e7fc326d7262",
              "parentUUID": "3041e2c1-0df6-4a84-9e9e-8cd8d7876980",
              "isHook": false,
              "skipped": false
            },
            {
              "title": "Deve responder em menos de 1 segundo",
              "fullTitle": "Dog API - /breed/images/random Deve responder em menos de 1 segundo",
              "timedOut": null,
              "duration": 347,
              "state": "passed",
              "speed": "fast",
              "pass": true,
              "fail": false,
              "pending": false,
              "context": null,
              "code": "cy.request({\n  url: endpoint,\n  time: true\n}).then(response => {\n  cy.log(\"Tempo (ms): \" + response.duration);\n  expect(response.duration).to.be.lessThan(1000);\n});",
              "err": {},
              "uuid": "8783b7df-27a3-483d-91e6-62dbf12e1a74",
              "parentUUID": "3041e2c1-0df6-4a84-9e9e-8cd8d7876980",
              "isHook": false,
              "skipped": false
            },
            {
              "title": "Deve retornar imagens diferentes em requisições consecutivas",
              "fullTitle": "Dog API - /breed/images/random Deve retornar imagens diferentes em requisições consecutivas",
              "timedOut": null,
              "duration": 665,
              "state": "passed",
              "speed": "fast",
              "pass": true,
              "fail": false,
              "pending": false,
              "context": null,
              "code": "let firstImage = null;\ncy.request(endpoint).then(response1 => {\n  firstImage = response1.body.message;\n  return cy.request(endpoint);\n}).then(response2 => {\n  const secondImage = response2.body.message;\n  cy.log(\"Primeira: \" + firstImage);\n  cy.log(\"Segunda: \" + secondImage);\n  expect(firstImage).to.not.equal(secondImage);\n});",
              "err": {},
              "uuid": "f94199b8-e558-4244-aae8-cced67c4325c",
              "parentUUID": "3041e2c1-0df6-4a84-9e9e-8cd8d7876980",
              "isHook": false,
              "skipped": false
            }
          ],
          "suites": [],
          "passes": [
            "b799395f-117f-4046-a784-a4b7f7824b05",
            "517e7236-ca6d-4107-bb0a-ad28f79f0336",
            "b993dc81-eb19-4abe-ab43-c34daf569e72",
            "b6719fae-b29f-4928-b4c8-e7fc326d7262",
            "8783b7df-27a3-483d-91e6-62dbf12e1a74",
            "f94199b8-e558-4244-aae8-cced67c4325c"
          ],
          "failures": [],
          "pending": [],
          "skipped": [],
          "duration": 2648,
          "root": false,
          "rootEmpty": false,
          "_timeout": 2000
        }
      ],
      "passes": [],
      "failures": [],
      "pending": [],
      "skipped": [],
      "duration": 0,
      "root": true,
      "rootEmpty": true,
      "_timeout": 2000
    }
  ],
  "meta": {
    "mocha": {
      "version": "7.2.0"
    },
    "mochawesome": {
      "options": {
        "quiet": false,
        "reportFilename": "mochawesome",
        "saveHtml": false,
        "saveJson": true,
        "consoleReporter": "spec",
        "useInlineDiffs": false,
        "code": true
      },
      "version": "7.1.4"
    },
    "marge": {
      "options": {
        "reportDir": "cypress/reports",
        "overwrite": false,
        "html": false,
        "json": true
      },
      "version": "6.3.2"
    }
  }
}